#
# A fatal error has been detected by the Java Runtime Environment:
#
#  Internal Error (jvmciRuntime.cpp:1609), pid=31, tid=45
#  fatal error: Fatal exception in JVMCI: Error calling jdk.vm.ci.services.Services.serializeSavedProperties
#
# JRE version: OpenJDK Runtime Environment GraalVM CE 22.3.0 (17.0.5+8) (build 17.0.5+8-jvmci-22.3-b08)
# Java VM: OpenJDK 64-Bit Server VM GraalVM CE 22.3.0 (17.0.5+8-jvmci-22.3-b08, mixed mode, sharing, tiered, jvmci, jvmci compiler, compressed oops, compressed class ptrs, parallel gc, linux-amd64)
# Problematic frame:
# V  [libjvm.so+0x972714]  JVMCIRuntime::fatal_exception(JVMCIEnv*, char const*)+0x74
#
# Core dump will be written. Default location: Core dumps may be processed with "/usr/share/apport/apport -p%p -s%s -c%c -d%d -P%P -u%u -g%g -- %E" (or dumping to /home/runner/Picture-Project-Filter-Transfer/core.31)
#
# If you would like to submit a bug report, please visit:
#   https://github.com/oracle/graal/issues
#

---------------  S U M M A R Y ------------

Command Line: -XX:ThreadPriorityPolicy=1 -XX:+UnlockExperimentalVMOptions -XX:+EnableJVMCIProduct -XX:JVMCIThreadsPerNativeLibraryRuntime=1 -XX:-UnlockExperimentalVMOptions -Declipse.application=org.eclipse.jdt.ls.core.id1 -Dosgi.bundles.defaultStartLevel=4 -Declipse.product=org.eclipse.jdt.ls.core.product -Dlog.level=ALL -Xverify:none -XX:+UseParallelGC -XX:GCTimeRatio=4 -XX:AdaptiveSizePolicyWeight=90 -Dsun.zip.disableMemoryMapping=true -Xmx512m -Xms100m /nix/store/m6gcpi1ii6rghy04cjwjddcavv7i90df-jdt-language-server-1.9.0/share/java/plugins/org.eclipse.equinox.launcher_1.6.400.v20210924-0641.jar --add-modules=ALL-SYSTEM --add-opens java.base/java.util=ALL-UNNAMED --add-opens java.base/java.lang=ALL-UNNAMED -configuration /home/runner/.cache/jdt-language-server/config -data /home/runner/.cache/jdt-language-server/data/home/runner/Picture-Project-Filter-Transfer

Host: AMD EPYC 7B12, 8 cores, 1G, Ubuntu 20.04.2 LTS
Time: Mon Mar 13 15:46:22 2023 UTC elapsed time: 878.299525 seconds (0d 0h 14m 38s)

---------------  T H R E A D  ---------------

Current thread (0x00007f92c40b2240):  JavaThread "JVMCI-native CompilerThread0" daemon [_thread_in_vm, id=45, stack(0x00007f92c8e1a000,0x00007f92c901a000)]


Current CompileTask:
JVMCI-native: 878299 9634       4       java.lang.Thread::interrupted (23 bytes)

Stack: [0x00007f92c8e1a000,0x00007f92c901a000],  sp=0x00007f92c9018380,  free space=2040k
Native frames: (J=compiled Java code, j=interpreted, Vv=VM code, C=native code)
V  [libjvm.so+0x972714]  JVMCIRuntime::fatal_exception(JVMCIEnv*, char const*)+0x74
V  [libjvm.so+0x93e2fe]  JVMCIEnv::copy_saved_properties()+0x14e
V  [libjvm.so+0x9732a9]  JVMCIRuntime::initialize(JVMCIEnv*)+0xb19
V  [libjvm.so+0x9738a2]  JVMCIRuntime::get_HotSpotJVMCIRuntime(JVMCIEnv*)+0x12
V  [libjvm.so+0x9749f2]  JVMCIRuntime::compile_method(JVMCIEnv*, JVMCICompiler*, methodHandle const&, int)+0xd2
V  [libjvm.so+0x5b0d20]  CompileBroker::invoke_compiler_on_method(CompileTask*)+0x1470
V  [libjvm.so+0x5b12e8]  CompileBroker::compiler_thread_loop()+0x528
V  [libjvm.so+0xd82460]  JavaThread::thread_main_inner()+0xd0
V  [libjvm.so+0xd85a40]  Thread::call_run()+0xc0
V  [libjvm.so+0xbdb1e1]  thread_native_entry(Thread*)+0xe1

Register to memory mapping:

RAX=0x00007f92cbf40000 points into unknown readable memory: 0x0000000000000058 | 58 00 00 00 00 00 00 00
RBX=0x00007f92cd03b398: <offset 0x0000000000ef5398> in /nix/store/gpxl5qgg8kicmcvivwmybwjlpf7wh20l-graalvm17-ce-22.3.0/lib/server/libjvm.so at 0x00007f92cc146000
RCX=0x00007f92ccff31e8: <offset 0x0000000000ead1e8> in /nix/store/gpxl5qgg8kicmcvivwmybwjlpf7wh20l-graalvm17-ce-22.3.0/lib/server/libjvm.so at 0x00007f92cc146000
RDX=0x0000000000000649 is an unknown value
RSP=0x00007f92c9018380 is pointing into the stack for thread: 0x00007f92c40b2240
RBP=0x00007f92c90183a0 is pointing into the stack for thread: 0x00007f92c40b2240
RSI=0x00007f92cd03bc48: <offset 0x0000000000ef5c48> in /nix/store/gpxl5qgg8kicmcvivwmybwjlpf7wh20l-graalvm17-ce-22.3.0/lib/server/libjvm.so at 0x00007f92cc146000
RDI=0x00000000e0000000 is an oop: java.lang.String 
{0x00000000e0000000} - klass: 'java/lang/String'
 - string: "org.eclipse.osgi.container.ModuleContainer$ContainerWiring"
R8 =0x00007f92cd03b398: <offset 0x0000000000ef5398> in /nix/store/gpxl5qgg8kicmcvivwmybwjlpf7wh20l-graalvm17-ce-22.3.0/lib/server/libjvm.so at 0x00007f92cc146000
R9 =0x0000000000000003 is an unknown value
R10=0x00007f92cd38cda0: <offset 0x0000000001246da0> in /nix/store/gpxl5qgg8kicmcvivwmybwjlpf7wh20l-graalvm17-ce-22.3.0/lib/server/libjvm.so at 0x00007f92cc146000
R11=0x000000080044f048 is pointing into metadata
R12=0x0 is NULL
R13=0x00007f92c40b2240 is a thread
R14=0x00007f92c4000b80 points into unknown readable memory: 0x00007f92cd26ca38 | 38 ca 26 cd 92 7f 00 00
R15=0x00007f92cd37ae40: <offset 0x0000000001234e40> in /nix/store/gpxl5qgg8kicmcvivwmybwjlpf7wh20l-graalvm17-ce-22.3.0/lib/server/libjvm.so at 0x00007f92cc146000


Registers:
RAX=0x00007f92cbf40000, RBX=0x00007f92cd03b398, RCX=0x00007f92ccff31e8, RDX=0x0000000000000649
RSP=0x00007f92c9018380, RBP=0x00007f92c90183a0, RSI=0x00007f92cd03bc48, RDI=0x00000000e0000000
R8 =0x00007f92cd03b398, R9 =0x0000000000000003, R10=0x00007f92cd38cda0, R11=0x000000080044f048
R12=0x0000000000000000, R13=0x00007f92c40b2240, R14=0x00007f92c4000b80, R15=0x00007f92cd37ae40
RIP=0x00007f92ccab8714, EFLAGS=0x0000000000010206, CSGSFS=0x002b000000000033, ERR=0x0000000000000006
  TRAPNO=0x000000000000000e

Top of Stack: (sp=0x00007f92c9018380)
0x00007f92c9018380:   00007f92c9018940 00007f92c40b2240
0x00007f92c9018390:   00007f92ca8d18c8 0000000800c417a0
0x00007f92c90183a0:   00007f92c9018500 00007f92cca842fe
0x00007f92c90183b0:   00007f92c90183e0 00007f92c9018440 

Instructions: (pc=0x00007f92ccab8714)
0x00007f92ccab8614:   30 e8 f6 cf e8 ff 4c 89 e7 e8 2e 48 d1 ff 84 db
0x00007f92ccab8624:   75 2a 4d 85 ed 74 04 4d 8b 6d 00 48 83 c4 08 44
0x00007f92ccab8634:   89 f9 4c 89 f2 4c 89 ee 5b 4c 89 e7 41 5c 41 5d
0x00007f92ccab8644:   41 5e 41 5f 5d e9 e2 47 d1 ff 66 90 48 83 c4 08
0x00007f92ccab8654:   5b 41 5c 41 5d 41 5e 41 5f 5d c3 90 31 d2 be 08
0x00007f92ccab8664:   00 00 00 4c 89 ff e8 b1 78 a3 ff 49 89 c5 e9 37
0x00007f92ccab8674:   ff ff ff 66 0f 1f 84 00 00 00 00 00 48 8b 7a 08
0x00007f92ccab8684:   e9 6d ff ff ff 0f 1f 80 00 00 00 00 e8 5b 48 0a
0x00007f92ccab8694:   00 84 c0 75 89 e9 6a ff ff ff 66 90 55 48 89 e5
0x00007f92ccab86a4:   41 56 41 55 41 54 49 89 fc 53 48 89 f3 66 48 8d
0x00007f92ccab86b4:   3d 27 5e 85 00 66 66 48 e8 df 43 8d ff 4c 8b 28
0x00007f92ccab86c4:   8b 05 be 72 8a 00 85 c0 75 14 ba 01 00 00 00 48
0x00007f92ccab86d4:   8d 0d ae 72 8a 00 f0 0f b1 11 85 c0 74 4e be c8
0x00007f92ccab86e4:   00 00 00 4c 89 ef e8 01 0b 41 00 48 8d 05 12 ac
0x00007f92ccab86f4:   85 00 49 89 d8 48 8d 0d e8 aa 53 00 ba 49 06 00
0x00007f92ccab8704:   00 48 8d 35 3c 35 58 00 bf 00 00 00 e0 48 8b 00
0x00007f92ccab8714:   c6 00 58 31 c0 e8 e2 91 c6 ff 5b 41 5c 41 5d 41
0x00007f92ccab8724:   5e 5d e9 55 34 26 00 0f 1f 44 00 00 48 8d 05 81
0x00007f92ccab8734:   a3 8b 00 48 89 df 4c 8b 30 e8 9e 43 8d ff 48 89
0x00007f92ccab8744:   de 48 89 c2 49 8b 06 4c 89 f7 ff 50 08 4c 89 f7
0x00007f92ccab8754:   e8 a7 5c 27 00 4d 85 e4 74 12 be 01 00 00 00 4c
0x00007f92ccab8764:   89 e7 e8 35 43 fc ff eb 82 0f 1f 00 be 01 00 00
0x00007f92ccab8774:   00 4c 89 ef e8 d3 fd ff ff e9 6d ff ff ff 66 66
0x00007f92ccab8784:   2e 0f 1f 84 00 00 00 00 00 0f 1f 00 55 48 89 e5
0x00007f92ccab8794:   41 57 41 56 41 55 41 54 53 48 81 ec 08 02 00 00
0x00007f92ccab87a4:   64 48 8b 04 25 28 00 00 00 48 89 45 c8 8b 07 83
0x00007f92ccab87b4:   f8 02 0f 84 11 04 00 00 4c 8b 6f 18 49 89 ff 49
0x00007f92ccab87c4:   89 f4 4d 85 ed 74 14 4c 89 ef e8 5d 57 22 00 41
0x00007f92ccab87d4:   8b 07 83 f8 02 0f 84 19 04 00 00 48 8d 1d 9a 06
0x00007f92ccab87e4:   8a 00 4c 8d 35 0b 3c 58 00 eb 38 90 48 85 d2 7f
0x00007f92ccab87f4:   0d 48 8d 05 b4 c0 85 00 48 83 38 00 7e 0e 41 8b
0x00007f92ccab8804:   77 2c 4c 89 f7 31 c0 e8 a0 b2 f7 ff 49 8b 7f 18 


Stack slot to memory mapping:
stack at sp + 0 slots: 0x00007f92c9018940 is pointing into the stack for thread: 0x00007f92c40b2240
stack at sp + 1 slots: 0x00007f92c40b2240 is a thread
stack at sp + 2 slots: 0x00007f92ca8d18c8 points into unknown readable memory: 0x6573001880c9ffff | ff ff c9 80 18 00 73 65
stack at sp + 3 slots: 0x0000000800c417a0 is a pointer to class: 
jdk.vm.ci.services.Services {0x0000000800c417a0}
 - instance size:     2
 - klass size:        65
 - access:            public final synchronized 
 - state:             fully_initialized
 - name:              'jdk/vm/ci/services/Services'
 - super:             'java/lang/Object'
 - sub:               
 - arrays:            NULL
 - methods:           Array<T>(0x00007f92c9842c20)
 - method ordering:   Array<T>(0x0000000800928960)
 - default_methods:   Array<T>(0x0000000000000000)
 - local interfaces:  Array<T>(0x00000008005ce810)
 - trans. interfaces: Array<T>(0x00000008005ce810)
 - constants:         constant pool [427] {0x00007f92c9841d00} for 'jdk/vm/ci/services/Services' cache=0x00007f92c9843ef0
 - class loader data:  loader data: 0x00007f92c4028410 of 'bootstrap'
 - source file:       'Services.java'
 - class annotations:       Array<T>(0x0000000000000000)
 - class type annotations:  Array<T>(0x0000000000000000)
 - field annotations:       Array<T>(0x0000000000000000)
 - field type annotations:  Array<T>(0x0000000000000000)
 - inner classes:     Array<T>(0x00007f92c9843ec0)
 - nest members:     Array<T>(0x00007f92c9843ee0)
 - permitted subclasses:     Array<T>(0x00000008005ce7a0)
 - java mirror:       a 'java/lang/Class'{0x00000000e017a1f8} = 'jdk/vm/ci/services/Services'
 - vtable length      5  (start addr: 0x0000000800c41970)
 - itable length      2 (start addr: 0x0000000800c41998)
 - ---- static fields (3 words):
 - public static final 'IS_BUILDING_NATIVE_IMAGE' 'Z' @128 
 - public static final 'IS_IN_NATIVE_IMAGE' 'Z' @129 
 - private static volatile 'savedProperties' 'Ljava/util/Map;' @112 
 - static final 'JVMCI_ENABLED' 'Z' @130 
 - private static final 'servicesCache' 'Ljava/util/Map;' @116 
 - private static final 'MAX_UNICODE_IN_UTF8_LENGTH' 'I' @120 
 - private static final 'MAX_UTF8_PROPERTY_STRING_LENGTH' 'I' @124 
 - ---- non-static fields (0 words):
 - non-static oop maps: 
stack at sp + 4 slots: 0x00007f92c9018500 is pointing into the stack for thread: 0x00007f92c40b2240
stack at sp + 5 slots: 0x00007f92cca842fe: <offset 0x000000000093e2fe> in /nix/store/gpxl5qgg8kicmcvivwmybwjlpf7wh20l-graalvm17-ce-22.3.0/lib/server/libjvm.so at 0x00007f92cc146000
stack at sp + 6 slots: 0x00007f92c90183e0 is pointing into the stack for thread: 0x00007f92c40b2240
stack at sp + 7 slots: 0x00007f92c9018440 is pointing into the stack for thread: 0x00007f92c40b2240


---------------  P R O C E S S  ---------------

Threads class SMR info:
_java_thread_list=0x00007f9214000b70, length=25, elements={
0x00007f92c40266b0, 0x00007f92c40a64f0, 0x00007f92c40a7930, 0x00007f92c40ae0b0,
0x00007f92c40af460, 0x00007f92c40b0850, 0x00007f92c40b2240, 0x00007f92c40b3750,
0x00007f92c40b4ba0, 0x00007f92c40d7d90, 0x00007f92c411fc10, 0x00007f92c43144e0,
0x00007f92c4348010, 0x00007f92c434a160, 0x00007f92c460f5c0, 0x00007f925c01a440,
0x00007f925c2a1300, 0x00007f925c3027e0, 0x00007f9244007280, 0x00007f925c4818a0,
0x00007f925c5ef970, 0x00007f92c44251e0, 0x00007f92c44b80d0, 0x00007f9230432c70,
0x00007f922c1456a0
}

Java Threads: ( => current thread )
  0x00007f92c40266b0 JavaThread "main" [_thread_blocked, id=37, stack(0x00007f92cbf61000,0x00007f92cc061000)]
  0x00007f92c40a64f0 JavaThread "Reference Handler" daemon [_thread_blocked, id=40, stack(0x00007f92c9700000,0x00007f92c9800000)]
  0x00007f92c40a7930 JavaThread "Finalizer" daemon [_thread_blocked, id=41, stack(0x00007f92c9600000,0x00007f92c9700000)]
  0x00007f92c40ae0b0 JavaThread "Signal Dispatcher" daemon [_thread_blocked, id=42, stack(0x00007f92c921a000,0x00007f92c931a000)]
  0x00007f92c40af460 JavaThread "Service Thread" daemon [_thread_blocked, id=43, stack(0x00007f92c911a000,0x00007f92c921a000)]
  0x00007f92c40b0850 JavaThread "Monitor Deflation Thread" daemon [_thread_blocked, id=44, stack(0x00007f92c901a000,0x00007f92c911a000)]
=>0x00007f92c40b2240 JavaThread "JVMCI-native CompilerThread0" daemon [_thread_in_vm, id=45, stack(0x00007f92c8e1a000,0x00007f92c901a000)]
  0x00007f92c40b3750 JavaThread "C1 CompilerThread0" daemon [_thread_blocked, id=46, stack(0x00007f92c8c1a000,0x00007f92c8e1a000)]
  0x00007f92c40b4ba0 JavaThread "Sweeper thread" daemon [_thread_blocked, id=47, stack(0x00007f92c8b1a000,0x00007f92c8c1a000)]
  0x00007f92c40d7d90 JavaThread "Common-Cleaner" daemon [_thread_blocked, id=48, stack(0x00007f92c8a1a000,0x00007f92c8b1a000)]
  0x00007f92c411fc10 JavaThread "Notification Thread" daemon [_thread_blocked, id=49, stack(0x00007f92c891a000,0x00007f92c8a1a000)]
  0x00007f92c43144e0 JavaThread "Active Thread: Equinox Container: e4664ff4-9663-4260-ad13-08b9bea74971" [_thread_blocked, id=63, stack(0x00007f92c8600000,0x00007f92c8700000)]
  0x00007f92c4348010 JavaThread "Framework Event Dispatcher: Equinox Container: e4664ff4-9663-4260-ad13-08b9bea74971" daemon [_thread_blocked, id=64, stack(0x00007f92c8400000,0x00007f92c8500000)]
  0x00007f92c434a160 JavaThread "Start Level: Equinox Container: e4664ff4-9663-4260-ad13-08b9bea74971" daemon [_thread_blocked, id=65, stack(0x00007f92c8200000,0x00007f92c8300000)]
  0x00007f92c460f5c0 JavaThread "Refresh Thread: Equinox Container: e4664ff4-9663-4260-ad13-08b9bea74971" daemon [_thread_blocked, id=74, stack(0x00007f92c8000000,0x00007f92c8100000)]
  0x00007f925c01a440 JavaThread "SCR Component Actor" daemon [_thread_blocked, id=75, stack(0x00007f92ab3b3000,0x00007f92ab4b3000)]
  0x00007f925c2a1300 JavaThread "Worker-JM" [_thread_blocked, id=85, stack(0x00007f92a8d00000,0x00007f92a8e00000)]
  0x00007f925c3027e0 JavaThread "Worker-0" [_thread_blocked, id=86, stack(0x00007f92a8b00000,0x00007f92a8c00000)]
  0x00007f9244007280 JavaThread "Worker-2" [_thread_blocked, id=88, stack(0x00007f92a8700000,0x00007f92a8800000)]
  0x00007f925c4818a0 JavaThread "Java indexing" daemon [_thread_blocked, id=89, stack(0x00007f92a8500000,0x00007f92a8600000)]
  0x00007f925c5ef970 JavaThread "Bundle File Closer" daemon [_thread_blocked, id=98, stack(0x00007f92a8300000,0x00007f92a8400000)]
  0x00007f92c44251e0 JavaThread "pool-3-thread-1" [_thread_blocked, id=99, stack(0x00007f92a8100000,0x00007f92a8200000)]
  0x00007f92c44b80d0 JavaThread "pool-2-thread-1" [_thread_in_native, id=100, stack(0x00007f9272d00000,0x00007f9272e00000)]
  0x00007f9230432c70 JavaThread "Okio Watchdog" daemon [_thread_blocked, id=191, stack(0x00007f92a8a00000,0x00007f92a8b00000)]
  0x00007f922c1456a0 JavaThread "Thread-3" [_thread_blocked, id=237, stack(0x00007f92a8400000,0x00007f92a8500000)]

Other Threads:
  0x00007f92c40a1c30 VMThread "VM Thread" [stack: 0x00007f92ca07a000,0x00007f92ca17a000] [id=39] _threads_hazard_ptr=0x00007f9214000b70
  0x00007f92c41215b0 WatcherThread [stack: 0x00007f92c881a000,0x00007f92c891a000] [id=50]
  0x00007f92c403df50 GCTaskThread "GC Thread#0" [stack: 0x00007f92cbb24000,0x00007f92cbc24000] [id=38]

Threads with active compile tasks:
JVMCI-native CompilerThread0   878368 9634       4       java.lang.Thread::interrupted (23 bytes)

VM state: synchronizing (normal execution)

VM Mutex/Monitor currently owned by a thread:  ([mutex/lock_event])
[0x00007f92c4023860] Threads_lock - owner thread: 0x00007f92c40a1c30
[0x00007f92c4024010] Heap_lock - owner thread: 0x00007f925c4818a0

OutOfMemory and StackOverflow Exception counts:
OutOfMemoryError java_heap_errors=1
LinkageErrors=70

Heap address: 0x00000000e0000000, size: 512 MB, Compressed Oops mode: 32-bit

CDS archive(s) mapped at: [0x0000000800000000-0x0000000800bc8000-0x0000000800bc8000), size 12353536, SharedBaseAddress: 0x0000000800000000, ArchiveRelocationMode: 0.
Compressed class space mapped at: 0x0000000800c00000-0x0000000840c00000, reserved size: 1073741824
Narrow klass base: 0x0000000800000000, Narrow klass shift: 0, Narrow klass range: 0x100000000

GC Precious Log:
 CPUs: 8 total, 1 available
 Memory: 1024M
 Large Page Support: Disabled
 NUMA Support: Disabled
 Compressed Oops: Enabled (32-bit)
 Alignments: Space 512K, Generation 512K, Heap 2M
 Heap Min Capacity: 100M
 Heap Initial Capacity: 100M
 Heap Max Capacity: 512M
 Pre-touch: Disabled
 Parallel Workers: 1

Heap:
 PSYoungGen      total 53760K, used 40960K [0x00000000f5580000, 0x00000000f9c00000, 0x0000000100000000)
  eden space 40960K, 100% used [0x00000000f5580000,0x00000000f7d80000,0x00000000f7d80000)
  from space 12800K, 0% used [0x00000000f8f80000,0x00000000f8f80000,0x00000000f9c00000)
  to   space 14848K, 0% used [0x00000000f7d80000,0x00000000f7d80000,0x00000000f8c00000)
 ParOldGen       total 349696K, used 349695K [0x00000000e0000000, 0x00000000f5580000, 0x00000000f5580000)
  object space 349696K, 99% used [0x00000000e0000000,0x00000000f557ff78,0x00000000f5580000)
 Metaspace       used 60566K, committed 61760K, reserved 1105920K
  class space    used 5958K, committed 6464K, reserved 1048576K

Card table byte_map: [0x00007f92cbc24000,0x00007f92cbd25000] _byte_map_base: 0x00007f92cb524000

Marking Bits: (ParMarkBitMap*) 0x00007f92cd3744c0
 Begin Bits: [0x00007f92caa77000, 0x00007f92cb277000)
 End Bits:   [0x00007f92cb277000, 0x00007f92cba77000)

Polling page: 0x00007f92cbf3e000

Metaspace:

Usage:
  Non-class:     53.33 MB used.
      Class:      5.82 MB used.
       Both:     59.15 MB used.

Virtual space:
  Non-class space:       56.00 MB reserved,      54.00 MB ( 96%) committed,  7 nodes.
      Class space:        1.00 GB reserved,       6.31 MB ( <1%) committed,  1 nodes.
             Both:        1.05 GB reserved,      60.31 MB (  6%) committed. 

Chunk freelists:
   Non-Class:  2.18 MB
       Class:  1.80 MB
        Both:  3.98 MB

MaxMetaspaceSize: unlimited
CompressedClassSpaceSize: 1.00 GB
Initial GC threshold: 21.00 MB
Current GC threshold: 100.31 MB
CDS: on
MetaspaceReclaimPolicy: balanced
 - commit_granule_bytes: 65536.
 - commit_granule_words: 8192.
 - virtual_space_node_default_size: 1048576.
 - enlarge_chunks_in_place: 1.
 - new_chunks_are_fully_committed: 0.
 - uncommit_free_chunks: 1.
 - use_allocation_guard: 0.
 - handle_deallocations: 1.


Internal statistics:

num_allocs_failed_limit: 6.
num_arena_births: 510.
num_arena_deaths: 150.
num_vsnodes_births: 8.
num_vsnodes_deaths: 0.
num_space_committed: 964.
num_space_uncommitted: 0.
num_chunks_returned_to_freelist: 212.
num_chunks_taken_from_freelist: 2888.
num_chunk_merges: 85.
num_chunk_splits: 1886.
num_chunks_enlarged: 1187.
num_purges: 10.
num_inconsistent_stats: 0.

CodeHeap 'non-profiled nmethods': size=120036Kb used=2499Kb max_used=2499Kb free=117536Kb
 bounds [0x00007f92b2f7a000, 0x00007f92b31fa000, 0x00007f92ba4b3000]
CodeHeap 'profiled nmethods': size=120032Kb used=15585Kb max_used=16426Kb free=104447Kb
 bounds [0x00007f92aba42000, 0x00007f92aca52000, 0x00007f92b2f7a000]
CodeHeap 'non-nmethods': size=5692Kb used=1382Kb max_used=1402Kb free=4309Kb
 bounds [0x00007f92ab4b3000, 0x00007f92ab723000, 0x00007f92aba42000]
 total_blobs=7954 nmethods=7235 adapters=629
 compilation: enabled
              stopped_count=0, restarted_count=0
 full_count=0

JVMCI Events (20 events):
Event: 79.921 Thread 0x00007f92c40b2240 compacted oop handles in JVMCI runtime 0 from 74 to 74
Event: 79.921 Thread 0x00007f92c40b2240 releasing handles for JVMCI runtime 0: oop handles=74, metadata handles={total=1120, live=541, blocks=35}
Event: 79.921 Thread 0x00007f92c40b2240 detached from JVMCI runtime 0
Event: 223.381 Thread 0x00007f92c40b2240 attached to JVMCI runtime 0
Event: 223.383 Thread 0x00007f92c40b2240 created JavaVM[2]@0x00007f927219e340 for JVMCI runtime 0
Event: 223.383 Thread 0x00007f92c40b2240 initializing JVMCI runtime 0
Event: 223.383 Thread 0x00007f92c40b2240 done waiting for JavaVM references initialization in JVMCI runtime 0
Event: 233.141 Thread 0x00007f92c40b2240 initialized JVMCI runtime 0
Event: 279.058 Thread 0x00007f92c40b2240 compacted oop handles in JVMCI runtime 0 from 80 to 77
Event: 281.155 Thread 0x00007f92c40b2240 detaching from JVMCI runtime 0: releasing idle compiler thread (0 other threads still attached)
Event: 281.155 Thread 0x00007f92c40b2240 shutting down HotSpotJVMCIRuntime for JVMCI runtime 0
Event: 281.155 Thread 0x00007f92c40b2240 shut down JVMCI runtime 0
Event: 281.159 Thread 0x00007f92c40b2240 destroyed JavaVM[2]@0x00007f927219e340 for JVMCI runtime 0
Event: 281.159 Thread 0x00007f92c40b2240 compacted oop handles in JVMCI runtime 0 from 77 to 77
Event: 281.159 Thread 0x00007f92c40b2240 releasing handles for JVMCI runtime 0: oop handles=77, metadata handles={total=151, live=144, blocks=35}
Event: 281.159 Thread 0x00007f92c40b2240 detached from JVMCI runtime 0
Event: 861.063 Thread 0x00007f92c40b2240 attached to JVMCI runtime 0
Event: 861.064 Thread 0x00007f92c40b2240 created JavaVM[3]@0x00007f927219e340 for JVMCI runtime 0
Event: 861.064 Thread 0x00007f92c40b2240 initializing JVMCI runtime 0
Event: 861.064 Thread 0x00007f92c40b2240 done waiting for JavaVM references initialization in JVMCI runtime 0

Compilation events (20 events):
Event: 360.279 Thread 0x00007f92c40b3750 nmethod 9624 0x00007f92ac42d290 code [0x00007f92ac42d800, 0x00007f92ac42fab0]
Event: 372.453 Thread 0x00007f92c40b3750 9625   !   3       java.nio.DirectByteBuffer::address (53 bytes)
Event: 372.454 Thread 0x00007f92c40b3750 nmethod 9625 0x00007f92ac7cca90 code [0x00007f92ac7ccca0, 0x00007f92ac7cd6a0]
Event: 374.566 Thread 0x00007f92c40b3750 9626       3       java.lang.StringBuilder::append (8 bytes)
Event: 378.673 Thread 0x00007f92c40b3750 nmethod 9626 0x00007f92ac42ce10 code [0x00007f92ac42cfc0, 0x00007f92ac42d100]
Event: 378.673 Thread 0x00007f92c40b3750 9627       3       java.lang.AbstractStringBuilder::append (54 bytes)
Event: 380.852 Thread 0x00007f92c40b3750 nmethod 9627 0x00007f92ac4e0d10 code [0x00007f92ac4e0f40, 0x00007f92ac4e2380]
Event: 393.795 Thread 0x00007f92c40b3750 9628       3       java.util.concurrent.locks.AbstractQueuedSynchronizer::acquire (20 bytes)
Event: 393.795 Thread 0x00007f92c40b3750 nmethod 9628 0x00007f92ac583b10 code [0x00007f92ac583cc0, 0x00007f92ac584090]
Event: 408.821 Thread 0x00007f92c40b3750 9629       3       java.util.concurrent.ThreadPoolExecutor::runStateAtLeast (11 bytes)
Event: 408.821 Thread 0x00007f92c40b3750 nmethod 9629 0x00007f92ac31ce90 code [0x00007f92ac31d020, 0x00007f92ac31d170]
Event: 606.934 Thread 0x00007f92c40b3750 9630       1       org.eclipse.osgi.internal.framework.EquinoxContainer::getStorage (5 bytes)
Event: 606.935 Thread 0x00007f92c40b3750 nmethod 9630 0x00007f92b31eac10 code [0x00007f92b31eada0, 0x00007f92b31eae70]
Event: 711.662 Thread 0x00007f92c40b3750 9631       3       org.eclipse.core.runtime.SubMonitor::isCanceled (20 bytes)
Event: 711.663 Thread 0x00007f92c40b3750 nmethod 9631 0x00007f92ac17f010 code [0x00007f92ac17f1c0, 0x00007f92ac17f5c0]
Event: 777.134 Thread 0x00007f92c40b3750 9632       3       java.util.concurrent.ThreadPoolExecutor::isShutdown (12 bytes)
Event: 780.926 Thread 0x00007f92c40b3750 nmethod 9632 0x00007f92ac324c90 code [0x00007f92ac324e40, 0x00007f92ac325030]
Event: 799.031 Thread 0x00007f92c40b3750 9633       3       java.util.concurrent.ScheduledThreadPoolExecutor::canRunInCurrentRunState (61 bytes)
Event: 799.032 Thread 0x00007f92c40b3750 nmethod 9633 0x00007f92ac06b410 code [0x00007f92ac06b620, 0x00007f92ac06c0c0]
Event: 861.063 Thread 0x00007f92c40b2240 9634       4       java.lang.Thread::interrupted (23 bytes)

GC Heap History (20 events):
Event: 859.475 GC heap before
{Heap before GC invocations=573 (full 407):
 PSYoungGen      total 53760K, used 40959K [0x00000000f5580000, 0x00000000f9c00000, 0x0000000100000000)
  eden space 40960K, 99% used [0x00000000f5580000,0x00000000f7d7fff0,0x00000000f7d80000)
  from space 12800K, 0% used [0x00000000f8f80000,0x00000000f8f80000,0x00000000f9c00000)
  to   space 14848K, 0% used [0x00000000f7d80000,0x00000000f7d80000,0x00000000f8c00000)
 ParOldGen       total 349696K, used 349688K [0x00000000e0000000, 0x00000000f5580000, 0x00000000f5580000)
  object space 349696K, 99% used [0x00000000e0000000,0x00000000f557e180,0x00000000f5580000)
 Metaspace       used 60566K, committed 61760K, reserved 1105920K
  class space    used 5958K, committed 6464K, reserved 1048576K
}
Event: 861.062 GC heap after
{Heap after GC invocations=573 (full 407):
 PSYoungGen      total 55808K, used 40959K [0x00000000f5580000, 0x00000000f9c00000, 0x0000000100000000)
  eden space 40960K, 99% used [0x00000000f5580000,0x00000000f7d7fee8,0x00000000f7d80000)
  from space 14848K, 0% used [0x00000000f7d80000,0x00000000f7d80000,0x00000000f8c00000)
  to   space 12800K, 0% used [0x00000000f8f80000,0x00000000f8f80000,0x00000000f9c00000)
 ParOldGen       total 349696K, used 349688K [0x00000000e0000000, 0x00000000f5580000, 0x00000000f5580000)
  object space 349696K, 99% used [0x00000000e0000000,0x00000000f557e180,0x00000000f5580000)
 Metaspace       used 60566K, committed 61760K, reserved 1105920K
  class space    used 5958K, committed 6464K, reserved 1048576K
}
Event: 861.064 GC heap before
{Heap before GC invocations=574 (full 408):
 PSYoungGen      total 55808K, used 40960K [0x00000000f5580000, 0x00000000f9c00000, 0x0000000100000000)
  eden space 40960K, 100% used [0x00000000f5580000,0x00000000f7d80000,0x00000000f7d80000)
  from space 14848K, 0% used [0x00000000f7d80000,0x00000000f7d80000,0x00000000f8c00000)
  to   space 12800K, 0% used [0x00000000f8f80000,0x00000000f8f80000,0x00000000f9c00000)
 ParOldGen       total 349696K, used 349688K [0x00000000e0000000, 0x00000000f5580000, 0x00000000f5580000)
  object space 349696K, 99% used [0x00000000e0000000,0x00000000f557e180,0x00000000f5580000)
 Metaspace       used 60566K, committed 61760K, reserved 1105920K
  class space    used 5958K, committed 6464K, reserved 1048576K
}
Event: 862.640 GC heap after
{Heap after GC invocations=574 (full 408):
 PSYoungGen      total 53760K, used 40959K [0x00000000f5580000, 0x00000000f9c00000, 0x0000000100000000)
  eden space 40960K, 99% used [0x00000000f5580000,0x00000000f7d7ff40,0x00000000f7d80000)
  from space 12800K, 0% used [0x00000000f8f80000,0x00000000f8f80000,0x00000000f9c00000)
  to   space 14848K, 0% used [0x00000000f7d80000,0x00000000f7d80000,0x00000000f8c00000)
 ParOldGen       total 349696K, used 349688K [0x00000000e0000000, 0x00000000f5580000, 0x00000000f5580000)
  object space 349696K, 99% used [0x00000000e0000000,0x00000000f557e180,0x00000000f5580000)
 Metaspace       used 60566K, committed 61760K, reserved 1105920K
  class space    used 5958K, committed 6464K, reserved 1048576K
}
Event: 862.641 GC heap before
{Heap before GC invocations=575 (full 409):
 PSYoungGen      total 53760K, used 40960K [0x00000000f5580000, 0x00000000f9c00000, 0x0000000100000000)
  eden space 40960K, 100% used [0x00000000f5580000,0x00000000f7d80000,0x00000000f7d80000)
  from space 12800K, 0% used [0x00000000f8f80000,0x00000000f8f80000,0x00000000f9c00000)
  to   space 14848K, 0% used [0x00000000f7d80000,0x00000000f7d80000,0x00000000f8c00000)
 ParOldGen       total 349696K, used 349688K [0x00000000e0000000, 0x00000000f5580000, 0x00000000f5580000)
  object space 349696K, 99% used [0x00000000e0000000,0x00000000f557e180,0x00000000f5580000)
 Metaspace       used 60566K, committed 61760K, reserved 1105920K
  class space    used 5958K, committed 6464K, reserved 1048576K
}
Event: 864.488 GC heap after
{Heap after GC invocations=575 (full 409):
 PSYoungGen      total 55808K, used 40959K [0x00000000f5580000, 0x00000000f9c00000, 0x0000000100000000)
  eden space 40960K, 99% used [0x00000000f5580000,0x00000000f7d7ffb8,0x00000000f7d80000)
  from space 14848K, 0% used [0x00000000f7d80000,0x00000000f7d80000,0x00000000f8c00000)
  to   space 12800K, 0% used [0x00000000f8f80000,0x00000000f8f80000,0x00000000f9c00000)
 ParOldGen       total 349696K, used 349688K [0x00000000e0000000, 0x00000000f5580000, 0x00000000f5580000)
  object space 349696K, 99% used [0x00000000e0000000,0x00000000f557e180,0x00000000f5580000)
 Metaspace       used 60566K, committed 61760K, reserved 1105920K
  class space    used 5958K, committed 6464K, reserved 1048576K
}
Event: 864.493 GC heap before
{Heap before GC invocations=576 (full 410):
 PSYoungGen      total 55808K, used 40960K [0x00000000f5580000, 0x00000000f9c00000, 0x0000000100000000)
  eden space 40960K, 100% used [0x00000000f5580000,0x00000000f7d80000,0x00000000f7d80000)
  from space 14848K, 0% used [0x00000000f7d80000,0x00000000f7d80000,0x00000000f8c00000)
  to   space 12800K, 0% used [0x00000000f8f80000,0x00000000f8f80000,0x00000000f9c00000)
 ParOldGen       total 349696K, used 349688K [0x00000000e0000000, 0x00000000f5580000, 0x00000000f5580000)
  object space 349696K, 99% used [0x00000000e0000000,0x00000000f557e180,0x00000000f5580000)
 Metaspace       used 60566K, committed 61760K, reserved 1105920K
  class space    used 5958K, committed 6464K, reserved 1048576K
}
Event: 866.257 GC heap after
{Heap after GC invocations=576 (full 410):
 PSYoungGen      total 53760K, used 40959K [0x00000000f5580000, 0x00000000f9c00000, 0x0000000100000000)
  eden space 40960K, 99% used [0x00000000f5580000,0x00000000f7d7ffe8,0x00000000f7d80000)
  from space 12800K, 0% used [0x00000000f8f80000,0x00000000f8f80000,0x00000000f9c00000)
  to   space 14848K, 0% used [0x00000000f7d80000,0x00000000f7d80000,0x00000000f8c00000)
 ParOldGen       total 349696K, used 349688K [0x00000000e0000000, 0x00000000f5580000, 0x00000000f5580000)
  object space 349696K, 99% used [0x00000000e0000000,0x00000000f557e180,0x00000000f5580000)
 Metaspace       used 60566K, committed 61760K, reserved 1105920K
  class space    used 5958K, committed 6464K, reserved 1048576K
}
Event: 866.257 GC heap before
{Heap before GC invocations=577 (full 411):
 PSYoungGen      total 53760K, used 40960K [0x00000000f5580000, 0x00000000f9c00000, 0x0000000100000000)
  eden space 40960K, 100% used [0x00000000f5580000,0x00000000f7d80000,0x00000000f7d80000)
  from space 12800K, 0% used [0x00000000f8f80000,0x00000000f8f80000,0x00000000f9c00000)
  to   space 14848K, 0% used [0x00000000f7d80000,0x00000000f7d80000,0x00000000f8c00000)
 ParOldGen       total 349696K, used 349688K [0x00000000e0000000, 0x00000000f5580000, 0x00000000f5580000)
  object space 349696K, 99% used [0x00000000e0000000,0x00000000f557e180,0x00000000f5580000)
 Metaspace       used 60566K, committed 61760K, reserved 1105920K
  class space    used 5958K, committed 6464K, reserved 1048576K
}
Event: 868.258 GC heap after
{Heap after GC invocations=577 (full 411):
 PSYoungGen      total 55808K, used 40960K [0x00000000f5580000, 0x00000000f9c00000, 0x0000000100000000)
  eden space 40960K, 100% used [0x00000000f5580000,0x00000000f7d80000,0x00000000f7d80000)
  from space 14848K, 0% used [0x00000000f7d80000,0x00000000f7d80000,0x00000000f8c00000)
  to   space 12800K, 0% used [0x00000000f8f80000,0x00000000f8f80000,0x00000000f9c00000)
 ParOldGen       total 349696K, used 349688K [0x00000000e0000000, 0x00000000f5580000, 0x00000000f5580000)
  object space 349696K, 99% used [0x00000000e0000000,0x00000000f557e180,0x00000000f5580000)
 Metaspace       used 60566K, committed 61760K, reserved 1105920K
  class space    used 5958K, committed 6464K, reserved 1048576K
}
Event: 868.262 GC heap before
{Heap before GC invocations=578 (full 412):
 PSYoungGen      total 55808K, used 40960K [0x00000000f5580000, 0x00000000f9c00000, 0x0000000100000000)
  eden space 40960K, 100% used [0x00000000f5580000,0x00000000f7d80000,0x00000000f7d80000)
  from space 14848K, 0% used [0x00000000f7d80000,0x00000000f7d80000,0x00000000f8c00000)
  to   space 12800K, 0% used [0x00000000f8f80000,0x00000000f8f80000,0x00000000f9c00000)
 ParOldGen       total 349696K, used 349692K [0x00000000e0000000, 0x00000000f5580000, 0x00000000f5580000)
  object space 349696K, 99% used [0x00000000e0000000,0x00000000f557f220,0x00000000f5580000)
 Metaspace       used 60566K, committed 61760K, reserved 1105920K
  class space    used 5958K, committed 6464K, reserved 1048576K
}
Event: 870.412 GC heap after
{Heap after GC invocations=578 (full 412):
 PSYoungGen      total 53760K, used 40959K [0x00000000f5580000, 0x00000000f9c00000, 0x0000000100000000)
  eden space 40960K, 99% used [0x00000000f5580000,0x00000000f7d7ff30,0x00000000f7d80000)
  from space 12800K, 0% used [0x00000000f8f80000,0x00000000f8f80000,0x00000000f9c00000)
  to   space 14848K, 0% used [0x00000000f7d80000,0x00000000f7d80000,0x00000000f8c00000)
 ParOldGen       total 349696K, used 349691K [0x00000000e0000000, 0x00000000f5580000, 0x00000000f5580000)
  object space 349696K, 99% used [0x00000000e0000000,0x00000000f557ef20,0x00000000f5580000)
 Metaspace       used 60566K, committed 61760K, reserved 1105920K
  class space    used 5958K, committed 6464K, reserved 1048576K
}
Event: 870.413 GC heap before
{Heap before GC invocations=579 (full 413):
 PSYoungGen      total 53760K, used 40959K [0x00000000f5580000, 0x00000000f9c00000, 0x0000000100000000)
  eden space 40960K, 99% used [0x00000000f5580000,0x00000000f7d7ffe8,0x00000000f7d80000)
  from space 12800K, 0% used [0x00000000f8f80000,0x00000000f8f80000,0x00000000f9c00000)
  to   space 14848K, 0% used [0x00000000f7d80000,0x00000000f7d80000,0x00000000f8c00000)
 ParOldGen       total 349696K, used 349691K [0x00000000e0000000, 0x00000000f5580000, 0x00000000f5580000)
  object space 349696K, 99% used [0x00000000e0000000,0x00000000f557ef20,0x00000000f5580000)
 Metaspace       used 60566K, committed 61760K, reserved 1105920K
  class space    used 5958K, committed 6464K, reserved 1048576K
}
Event: 872.239 GC heap after
{Heap after GC invocations=579 (full 413):
 PSYoungGen      total 55808K, used 40959K [0x00000000f5580000, 0x00000000f9c00000, 0x0000000100000000)
  eden space 40960K, 99% used [0x00000000f5580000,0x00000000f7d7ffc8,0x00000000f7d80000)
  from space 14848K, 0% used [0x00000000f7d80000,0x00000000f7d80000,0x00000000f8c00000)
  to   space 12800K, 0% used [0x00000000f8f80000,0x00000000f8f80000,0x00000000f9c00000)
 ParOldGen       total 349696K, used 349691K [0x00000000e0000000, 0x00000000f5580000, 0x00000000f5580000)
  object space 349696K, 99% used [0x00000000e0000000,0x00000000f557ef20,0x00000000f5580000)
 Metaspace       used 60566K, committed 61760K, reserved 1105920K
  class space    used 5958K, committed 6464K, reserved 1048576K
}
Event: 872.239 GC heap before
{Heap before GC invocations=580 (full 414):
 PSYoungGen      total 55808K, used 40959K [0x00000000f5580000, 0x00000000f9c00000, 0x0000000100000000)
  eden space 40960K, 99% used [0x00000000f5580000,0x00000000f7d7fff8,0x00000000f7d80000)
  from space 14848K, 0% used [0x00000000f7d80000,0x00000000f7d80000,0x00000000f8c00000)
  to   space 12800K, 0% used [0x00000000f8f80000,0x00000000f8f80000,0x00000000f9c00000)
 ParOldGen       total 349696K, used 349694K [0x00000000e0000000, 0x00000000f5580000, 0x00000000f5580000)
  object space 349696K, 99% used [0x00000000e0000000,0x00000000f557fba0,0x00000000f5580000)
 Metaspace       used 60566K, committed 61760K, reserved 1105920K
  class space    used 5958K, committed 6464K, reserved 1048576K
}
Event: 874.188 GC heap after
{Heap after GC invocations=580 (full 414):
 PSYoungGen      total 53760K, used 40959K [0x00000000f5580000, 0x00000000f9c00000, 0x0000000100000000)
  eden space 40960K, 99% used [0x00000000f5580000,0x00000000f7d7fd00,0x00000000f7d80000)
  from space 12800K, 0% used [0x00000000f8f80000,0x00000000f8f80000,0x00000000f9c00000)
  to   space 14848K, 0% used [0x00000000f7d80000,0x00000000f7d80000,0x00000000f8c00000)
 ParOldGen       total 349696K, used 349694K [0x00000000e0000000, 0x00000000f5580000, 0x00000000f5580000)
  object space 349696K, 99% used [0x00000000e0000000,0x00000000f557f9d8,0x00000000f5580000)
 Metaspace       used 60566K, committed 61760K, reserved 1105920K
  class space    used 5958K, committed 6464K, reserved 1048576K
}
Event: 874.191 GC heap before
{Heap before GC invocations=581 (full 415):
 PSYoungGen      total 53760K, used 40959K [0x00000000f5580000, 0x00000000f9c00000, 0x0000000100000000)
  eden space 40960K, 99% used [0x00000000f5580000,0x00000000f7d7ff90,0x00000000f7d80000)
  from space 12800K, 0% used [0x00000000f8f80000,0x00000000f8f80000,0x00000000f9c00000)
  to   space 14848K, 0% used [0x00000000f7d80000,0x00000000f7d80000,0x00000000f8c00000)
 ParOldGen       total 349696K, used 349694K [0x00000000e0000000, 0x00000000f5580000, 0x00000000f5580000)
  object space 349696K, 99% used [0x00000000e0000000,0x00000000f557f9d8,0x00000000f5580000)
 Metaspace       used 60566K, committed 61760K, reserved 1105920K
  class space    used 5958K, committed 6464K, reserved 1048576K
}
Event: 876.126 GC heap after
{Heap after GC invocations=581 (full 415):
 PSYoungGen      total 55808K, used 40959K [0x00000000f5580000, 0x00000000f9c00000, 0x0000000100000000)
  eden space 40960K, 99% used [0x00000000f5580000,0x00000000f7d7fd00,0x00000000f7d80000)
  from space 14848K, 0% used [0x00000000f7d80000,0x00000000f7d80000,0x00000000f8c00000)
  to   space 12800K, 0% used [0x00000000f8f80000,0x00000000f8f80000,0x00000000f9c00000)
 ParOldGen       total 349696K, used 349694K [0x00000000e0000000, 0x00000000f5580000, 0x00000000f5580000)
  object space 349696K, 99% used [0x00000000e0000000,0x00000000f557f9d8,0x00000000f5580000)
 Metaspace       used 60566K, committed 61760K, reserved 1105920K
  class space    used 5958K, committed 6464K, reserved 1048576K
}
Event: 876.126 GC heap before
{Heap before GC invocations=582 (full 416):
 PSYoungGen      total 55808K, used 40959K [0x00000000f5580000, 0x00000000f9c00000, 0x0000000100000000)
  eden space 40960K, 99% used [0x00000000f5580000,0x00000000f7d7fd00,0x00000000f7d80000)
  from space 14848K, 0% used [0x00000000f7d80000,0x00000000f7d80000,0x00000000f8c00000)
  to   space 12800K, 0% used [0x00000000f8f80000,0x00000000f8f80000,0x00000000f9c00000)
 ParOldGen       total 349696K, used 349694K [0x00000000e0000000, 0x00000000f5580000, 0x00000000f5580000)
  object space 349696K, 99% used [0x00000000e0000000,0x00000000f557f9d8,0x00000000f5580000)
 Metaspace       used 60566K, committed 61760K, reserved 1105920K
  class space    used 5958K, committed 6464K, reserved 1048576K
}
Event: 878.291 GC heap after
{Heap after GC invocations=582 (full 416):
 PSYoungGen      total 53760K, used 40959K [0x00000000f5580000, 0x00000000f9c00000, 0x0000000100000000)
  eden space 40960K, 99% used [0x00000000f5580000,0x00000000f7d7fd00,0x00000000f7d80000)
  from space 12800K, 0% used [0x00000000f8f80000,0x00000000f8f80000,0x00000000f9c00000)
  to   space 14848K, 0% used [0x00000000f7d80000,0x00000000f7d80000,0x00000000f8c00000)
 ParOldGen       total 349696K, used 349694K [0x00000000e0000000, 0x00000000f5580000, 0x00000000f5580000)
  object space 349696K, 99% used [0x00000000e0000000,0x00000000f557f9d8,0x00000000f5580000)
 Metaspace       used 60566K, committed 61760K, reserved 1105920K
  class space    used 5958K, committed 6464K, reserved 1048576K
}

Dll operation events (9 events):
Event: 0.003 Loaded shared library /nix/store/gpxl5qgg8kicmcvivwmybwjlpf7wh20l-graalvm17-ce-22.3.0/lib/libjava.so
Event: 0.011 Loaded shared library /nix/store/gpxl5qgg8kicmcvivwmybwjlpf7wh20l-graalvm17-ce-22.3.0/lib/libjsvml.so
Event: 0.234 Loaded shared library /nix/store/gpxl5qgg8kicmcvivwmybwjlpf7wh20l-graalvm17-ce-22.3.0/lib/libnio.so
Event: 0.239 Loaded shared library /nix/store/gpxl5qgg8kicmcvivwmybwjlpf7wh20l-graalvm17-ce-22.3.0/lib/libzip.so
Event: 0.243 Loaded shared library /nix/store/gpxl5qgg8kicmcvivwmybwjlpf7wh20l-graalvm17-ce-22.3.0/lib/libjvmcicompiler.so
Event: 0.727 Loaded shared library /nix/store/gpxl5qgg8kicmcvivwmybwjlpf7wh20l-graalvm17-ce-22.3.0/lib/libjimage.so
Event: 1.239 Loaded shared library /nix/store/gpxl5qgg8kicmcvivwmybwjlpf7wh20l-graalvm17-ce-22.3.0/lib/libnet.so
Event: 5.129 Loaded shared library /home/runner/.cache/jdt-language-server/config/org.eclipse.equinox.launcher/org.eclipse.equinox.launcher.gtk.linux.x86_64_1.2.400.v20211117-0650/eclipse_11600.so
Event: 14.426 Loaded shared library /nix/store/gpxl5qgg8kicmcvivwmybwjlpf7wh20l-graalvm17-ce-22.3.0/lib/libextnet.so

Deoptimization events (20 events):
Event: 76.722 Thread 0x00007f925c4818a0 DEOPT PACKING pc=0x00007f92ac166805 sp=0x00007f92a85fe530
Event: 76.722 Thread 0x00007f925c4818a0 DEOPT UNPACKING pc=0x00007f92ab505325 sp=0x00007f92a85fda20 mode 0
Event: 76.725 Thread 0x00007f925c4818a0 DEOPT PACKING pc=0x00007f92ac166805 sp=0x00007f92a85fe530
Event: 76.725 Thread 0x00007f925c4818a0 DEOPT UNPACKING pc=0x00007f92ab505325 sp=0x00007f92a85fda20 mode 0
Event: 76.730 Thread 0x00007f925c4818a0 DEOPT PACKING pc=0x00007f92ac166805 sp=0x00007f92a85fe530
Event: 76.730 Thread 0x00007f925c4818a0 DEOPT UNPACKING pc=0x00007f92ab505325 sp=0x00007f92a85fda20 mode 0
Event: 76.732 Thread 0x00007f925c4818a0 DEOPT PACKING pc=0x00007f92ac166805 sp=0x00007f92a85fe530
Event: 76.732 Thread 0x00007f925c4818a0 DEOPT UNPACKING pc=0x00007f92ab505325 sp=0x00007f92a85fda20 mode 0
Event: 76.735 Thread 0x00007f925c4818a0 DEOPT PACKING pc=0x00007f92ac166794 sp=0x00007f92a85fe530
Event: 76.735 Thread 0x00007f925c4818a0 DEOPT UNPACKING pc=0x00007f92ab505325 sp=0x00007f92a85fda20 mode 0
Event: 76.738 Thread 0x00007f925c4818a0 DEOPT PACKING pc=0x00007f92ac166794 sp=0x00007f92a85fe530
Event: 76.738 Thread 0x00007f925c4818a0 DEOPT UNPACKING pc=0x00007f92ab505325 sp=0x00007f92a85fda20 mode 0
Event: 76.740 Thread 0x00007f925c4818a0 DEOPT PACKING pc=0x00007f92ac166805 sp=0x00007f92a85fe530
Event: 76.740 Thread 0x00007f925c4818a0 DEOPT UNPACKING pc=0x00007f92ab505325 sp=0x00007f92a85fda20 mode 0
Event: 76.743 Thread 0x00007f925c4818a0 DEOPT PACKING pc=0x00007f92ac166805 sp=0x00007f92a85fe530
Event: 76.743 Thread 0x00007f925c4818a0 DEOPT UNPACKING pc=0x00007f92ab505325 sp=0x00007f92a85fda20 mode 0
Event: 76.745 Thread 0x00007f925c4818a0 DEOPT PACKING pc=0x00007f92ac166805 sp=0x00007f92a85fe530
Event: 76.745 Thread 0x00007f925c4818a0 DEOPT UNPACKING pc=0x00007f92ab505325 sp=0x00007f92a85fda20 mode 0
Event: 874.191 Thread 0x00007f92c40b2240 DEOPT PACKING pc=0x00007f92abdc7ad8 sp=0x00007f92c9017f10
Event: 874.191 Thread 0x00007f92c40b2240 DEOPT UNPACKING pc=0x00007f92ab505325 sp=0x00007f92c9017478 mode 0

Classes unloaded (20 events):
Event: 172.929 Thread 0x00007f92c40a1c30 Unloading class 0x0000000801129000 'jdk/internal/reflect/GeneratedSerializationConstructorAccessor13'
Event: 172.929 Thread 0x00007f92c40a1c30 Unloading class 0x0000000801128c00 'jdk/internal/reflect/GeneratedSerializationConstructorAccessor12'
Event: 172.929 Thread 0x00007f92c40a1c30 Unloading class 0x0000000801128800 'jdk/internal/reflect/GeneratedMethodAccessor12'
Event: 172.929 Thread 0x00007f92c40a1c30 Unloading class 0x0000000801128400 'jdk/internal/reflect/GeneratedMethodAccessor11'
Event: 172.929 Thread 0x00007f92c40a1c30 Unloading class 0x0000000801128000 'jdk/internal/reflect/GeneratedSerializationConstructorAccessor11'
Event: 172.929 Thread 0x00007f92c40a1c30 Unloading class 0x0000000801124c00 'jdk/internal/reflect/GeneratedSerializationConstructorAccessor10'
Event: 172.929 Thread 0x00007f92c40a1c30 Unloading class 0x0000000801124800 'jdk/internal/reflect/GeneratedSerializationConstructorAccessor9'
Event: 172.929 Thread 0x00007f92c40a1c30 Unloading class 0x0000000801124400 'jdk/internal/reflect/GeneratedSerializationConstructorAccessor8'
Event: 172.929 Thread 0x00007f92c40a1c30 Unloading class 0x0000000801124000 'jdk/internal/reflect/GeneratedConstructorAccessor37'
Event: 172.929 Thread 0x00007f92c40a1c30 Unloading class 0x000000080111c000 'jdk/internal/reflect/GeneratedSerializationConstructorAccessor7'
Event: 172.929 Thread 0x00007f92c40a1c30 Unloading class 0x0000000801119c00 'jdk/internal/reflect/GeneratedSerializationConstructorAccessor6'
Event: 172.929 Thread 0x00007f92c40a1c30 Unloading class 0x0000000801119800 'jdk/internal/reflect/GeneratedSerializationConstructorAccessor5'
Event: 172.929 Thread 0x00007f92c40a1c30 Unloading class 0x0000000801119400 'jdk/internal/reflect/GeneratedSerializationConstructorAccessor4'
Event: 172.929 Thread 0x00007f92c40a1c30 Unloading class 0x00000008010ecc00 'jdk/internal/reflect/GeneratedMethodAccessor10'
Event: 172.929 Thread 0x00007f92c40a1c30 Unloading class 0x00000008010ec800 'jdk/internal/reflect/GeneratedMethodAccessor9'
Event: 172.929 Thread 0x00007f92c40a1c30 Unloading class 0x00000008010ec400 'jdk/internal/reflect/GeneratedMethodAccessor8'
Event: 172.929 Thread 0x00007f92c40a1c30 Unloading class 0x00000008010ec000 'jdk/internal/reflect/GeneratedMethodAccessor7'
Event: 172.929 Thread 0x00007f92c40a1c30 Unloading class 0x00000008010c4000 'jdk/internal/reflect/GeneratedSerializationConstructorAccessor3'
Event: 172.929 Thread 0x00007f92c40a1c30 Unloading class 0x00000008010a0400 'jdk/internal/reflect/GeneratedSerializationConstructorAccessor2'
Event: 172.929 Thread 0x00007f92c40a1c30 Unloading class 0x00000008010a0000 'jdk/internal/reflect/GeneratedSerializationConstructorAccessor1'

Classes redefined (0 events):
No events

Internal exceptions (20 events):
Event: 41.236 Thread 0x00007f924c001480 Exception <a 'sun/nio/fs/UnixException'{0x00000000f55ad7e8}> (0x00000000f55ad7e8) 
thrown [src/hotspot/share/prims/jni.cpp, line 516]
Event: 41.544 Thread 0x00007f92c44b80d0 Exception <a 'java/lang/NoSuchMethodError'{0x00000000f5636e38}: 'java.lang.Object java.lang.invoke.DirectMethodHandle$Holder.invokeInterface(java.lang.Object, java.lang.Object, java.lang.Object)'> (0x00000000f5636e38) 
thrown [src/hotspot/share/interpreter/linkResolver.cpp, line 758]
Event: 41.726 Thread 0x00007f923c000ff0 Exception <a 'java/lang/NoSuchMethodError'{0x00000000f5d6c7d0}: static [Lorg/eclipse/core/runtime/IPath;.<clinit>()V> (0x00000000f5d6c7d0) 
thrown [src/hotspot/share/prims/jni.cpp, line 1107]
Event: 41.837 Thread 0x00007f923c000ff0 Exception <a 'java/lang/NoSuchMethodError'{0x00000000f56a90e8}: static [J.<clinit>()V> (0x00000000f56a90e8) 
thrown [src/hotspot/share/prims/jni.cpp, line 1107]
Event: 42.034 Thread 0x00007f925c3027e0 Exception <a 'java/lang/NoSuchMethodError'{0x00000000f5d4c798}: 'java.lang.Object java.lang.invoke.DirectMethodHandle$Holder.newInvokeSpecial(java.lang.Object, java.lang.Object, java.lang.Object, int, java.lang.Object)'> (0x00000000f5d4c798) 
thrown [src/hotspot/share/interpreter/linkResolver.cpp, line 758]
Event: 42.039 Thread 0x00007f925c3027e0 Exception <a 'java/lang/NoSuchMethodError'{0x00000000f5dd3870}: 'java.lang.Object java.lang.invoke.DirectMethodHandle$Holder.invokeSpecial(java.lang.Object, java.lang.Object, java.lang.Object, java.lang.Object, int, java.lang.Object)'> (0x00000000f5dd3870) 
thrown [src/hotspot/share/interpreter/linkResolver.cpp, line 758]
Event: 42.039 Thread 0x00007f925c3027e0 Exception <a 'java/lang/NoSuchMethodError'{0x00000000f5dda0c8}: 'java.lang.Object java.lang.invoke.Invokers$Holder.linkToTargetMethod(java.lang.Object, java.lang.Object, int, java.lang.Object, java.lang.Object)'> (0x00000000f5dda0c8) 
thrown [src/hotspot/share/interpreter/linkResolver.cpp, line 758]
Event: 47.236 Thread 0x00007f924c001480 Exception <a 'java/lang/NoSuchMethodError'{0x00000000f56203d8}: 'java.lang.Object java.lang.invoke.DirectMethodHandle$Holder.invokeStatic(java.lang.Object, java.lang.Object, java.lang.Object, long)'> (0x00000000f56203d8) 
thrown [src/hotspot/share/interpreter/linkResolver.cpp, line 758]
Event: 47.238 Thread 0x00007f924c001480 Exception <a 'java/lang/NoSuchMethodError'{0x00000000f5641530}: 'java.lang.Object java.lang.invoke.DirectMethodHandle$Holder.newInvokeSpecial(java.lang.Object, java.lang.Object, java.lang.Object, long)'> (0x00000000f5641530) 
thrown [src/hotspot/share/interpreter/linkResolver.cpp, line 758]
Event: 47.238 Thread 0x00007f924c001480 Exception <a 'java/lang/NoSuchMethodError'{0x00000000f5649fb8}: 'java.lang.Object java.lang.invoke.DirectMethodHandle$Holder.invokeSpecial(java.lang.Object, java.lang.Object, java.lang.Object, java.lang.Object, long)'> (0x00000000f5649fb8) 
thrown [src/hotspot/share/interpreter/linkResolver.cpp, line 758]
Event: 47.238 Thread 0x00007f924c001480 Exception <a 'java/lang/NoSuchMethodError'{0x00000000f5660b88}: 'java.lang.Object java.lang.invoke.Invokers$Holder.linkToTargetMethod(java.lang.Object, java.lang.Object, long, java.lang.Object)'> (0x00000000f5660b88) 
thrown [src/hotspot/share/interpreter/linkResolver.cpp, line 758]
Event: 49.132 Thread 0x00007f92440010d0 Exception <a 'java/io/FileNotFoundException'{0x00000000f57562f0}> (0x00000000f57562f0) 
thrown [src/hotspot/share/prims/jni.cpp, line 516]
Event: 49.534 Thread 0x00007f923c0f8200 Exception <a 'java/lang/NoSuchMethodError'{0x00000000f578ea08}: 'java.lang.Object java.lang.invoke.DirectMethodHandle$Holder.newInvokeSpecial(java.lang.Object, java.lang.Object, int, java.lang.Object, java.lang.Object)'> (0x00000000f578ea08) 
thrown [src/hotspot/share/interpreter/linkResolver.cpp, line 758]
Event: 49.535 Thread 0x00007f923c0f8200 Exception <a 'java/lang/NoSuchMethodError'{0x00000000f5792e88}: 'java.lang.Object java.lang.invoke.DirectMethodHandle$Holder.invokeSpecial(java.lang.Object, java.lang.Object, java.lang.Object, int, java.lang.Object, java.lang.Object)'> (0x00000000f5792e88) 
thrown [src/hotspot/share/interpreter/linkResolver.cpp, line 758]
Event: 56.137 Thread 0x00007f922c1462d0 Implicit null exception at 0x00007f92b30da969 to 0x00007f92b30dab1b
Event: 59.626 Thread 0x00007f922c1462d0 Exception <a 'java/lang/NoSuchMethodError'{0x00000000f6a6cbc0}: 'java.lang.Object java.lang.invoke.DirectMethodHandle$Holder.invokeStatic(java.lang.Object, int, java.lang.Object, java.lang.Object, java.lang.Object, java.lang.Object)'> (0x00000000f6a6cbc0) 
thrown [src/hotspot/share/interpreter/linkResolver.cpp, line 758]
Event: 59.631 Thread 0x00007f922c1462d0 Exception <a 'java/lang/NoSuchMethodError'{0x00000000f6a9ad38}: 'java.lang.Object java.lang.invoke.DirectMethodHandle$Holder.newInvokeSpecial(java.lang.Object, int, java.lang.Object, java.lang.Object, java.lang.Object)'> (0x00000000f6a9ad38) 
thrown [src/hotspot/share/interpreter/linkResolver.cpp, line 758]
Event: 60.920 Thread 0x00007f922c1462d0 Exception <a 'java/lang/NoSuchMethodError'{0x00000000f6a2ac50}: 'void java.lang.invoke.DirectMethodHandle$Holder.invokeSpecial(java.lang.Object, java.lang.Object, int)'> (0x00000000f6a2ac50) 
thrown [src/hotspot/share/interpreter/linkResolver.cpp, line 758]
Event: 64.821 Thread 0x00007f922c1462d0 Exception <a 'java/lang/NoSuchMethodError'{0x00000000f7202128}: 'int java.lang.invoke.DirectMethodHandle$Holder.invokeSpecialIFC(java.lang.Object, java.lang.Object, java.lang.Object, java.lang.Object)'> (0x00000000f7202128) 
thrown [src/hotspot/share/interpreter/linkResolver.cpp, line 758]
Event: 878.292 Thread 0x00007f92c40b2240 Exception <a 'java/lang/OutOfMemoryError'{0x00000000e00105e0}> (0x00000000e00105e0) 
thrown [src/hotspot/share/gc/shared/memAllocator.cpp, line 136]

VM Operations (20 events):
Event: 857.731 Executing VM operation: ParallelGCFailedAllocation
Event: 859.465 Executing VM operation: ParallelGCFailedAllocation done
Event: 859.465 Executing VM operation: ParallelGCFailedAllocation
Event: 861.064 Executing VM operation: ParallelGCFailedAllocation done
Event: 861.064 Executing VM operation: ParallelGCFailedAllocation
Event: 862.641 Executing VM operation: ParallelGCFailedAllocation done
Event: 862.641 Executing VM operation: ParallelGCFailedAllocation
Event: 864.489 Executing VM operation: ParallelGCFailedAllocation done
Event: 864.493 Executing VM operation: ParallelGCFailedAllocation
Event: 866.257 Executing VM operation: ParallelGCFailedAllocation done
Event: 866.257 Executing VM operation: ParallelGCFailedAllocation
Event: 868.258 Executing VM operation: ParallelGCFailedAllocation done
Event: 868.259 Executing VM operation: ParallelGCFailedAllocation
Event: 870.412 Executing VM operation: ParallelGCFailedAllocation done
Event: 870.413 Executing VM operation: ParallelGCFailedAllocation
Event: 872.239 Executing VM operation: ParallelGCFailedAllocation done
Event: 872.239 Executing VM operation: ParallelGCFailedAllocation
Event: 874.188 Executing VM operation: ParallelGCFailedAllocation done
Event: 874.191 Executing VM operation: ParallelGCFailedAllocation
Event: 878.292 Executing VM operation: ParallelGCFailedAllocation done

Events (20 events):
Event: 63.135 loading class java/util/AbstractList$SubList done
Event: 63.719 loading class java/util/concurrent/ConcurrentHashMap$TreeNode
Event: 63.720 loading class java/util/concurrent/ConcurrentHashMap$TreeNode done
Event: 63.720 loading class java/util/concurrent/ConcurrentHashMap$TreeBin
Event: 63.720 loading class java/util/concurrent/ConcurrentHashMap$TreeBin done
Event: 64.854 Thread 0x00007f922c1462d0 Thread exited: 0x00007f922c1462d0
Event: 97.052 Thread 0x00007f9224004f70 Thread exited: 0x00007f9224004f70
Event: 120.255 Thread 0x00007f923c0f8200 Thread exited: 0x00007f923c0f8200
Event: 120.256 Thread 0x00007f924c001480 Thread exited: 0x00007f924c001480
Event: 122.147 Thread 0x00007f923c000ff0 Thread exited: 0x00007f923c000ff0
Event: 130.849 Thread 0x00007f92440010d0 Thread exited: 0x00007f92440010d0
Event: 374.566 loading class java/io/InterruptedIOException
Event: 393.794 loading class java/io/InterruptedIOException done
Event: 393.794 loading class javax/net/ssl/SSLException
Event: 393.794 loading class javax/net/ssl/SSLException done
Event: 398.161 loading class java/lang/AssertionError
Event: 400.442 loading class java/lang/AssertionError done
Event: 424.548 Thread 0x00007f923042cdc0 Thread exited: 0x00007f923042cdc0
Event: 424.548 Thread 0x00007f9224003d40 Thread exited: 0x00007f9224003d40
Event: 455.268 Thread 0x00007f923042d7e0 Thread exited: 0x00007f923042d7e0


Dynamic libraries:
e0000000-f5580000 rw-p 00000000 00:00 0 
f5580000-f9c00000 rw-p 00000000 00:00 0 
f9c00000-100000000 ---p 00000000 00:00 0 
800000000-800449000 rw-p 00001000 00:131f 4611686019135357769            /nix/store/gpxl5qgg8kicmcvivwmybwjlpf7wh20l-graalvm17-ce-22.3.0/lib/server/classes.jsa
800449000-800bc8000 r--p 0044a000 00:131f 4611686019135357769            /nix/store/gpxl5qgg8kicmcvivwmybwjlpf7wh20l-graalvm17-ce-22.3.0/lib/server/classes.jsa
800bc8000-800c00000 ---p 00000000 00:00 0 
800c00000-800c20000 rw-p 00000000 00:00 0 
800c20000-800c40000 rw-p 00000000 00:00 0 
800c40000-800cc0000 rw-p 00000000 00:00 0 
800cc0000-800d00000 rw-p 00000000 00:00 0 
800d00000-800dc0000 rw-p 00000000 00:00 0 
800dc0000-800e00000 rw-p 00000000 00:00 0 
800e00000-800f40000 rw-p 00000000 00:00 0 
800f40000-800fc0000 rw-p 00000000 00:00 0 
800fc0000-801000000 rw-p 00000000 00:00 0 
801000000-801250000 rw-p 00000000 00:00 0 
801250000-840c00000 ---p 00000000 00:00 0 
557f6e82d000-557f6e82e000 r-xp 00000000 00:131f 4611686019099417844      /nix/store/gpxl5qgg8kicmcvivwmybwjlpf7wh20l-graalvm17-ce-22.3.0/bin/.java-wrapped
557f6e82f000-557f6e830000 r--p 00001000 00:131f 4611686019099417844      /nix/store/gpxl5qgg8kicmcvivwmybwjlpf7wh20l-graalvm17-ce-22.3.0/bin/.java-wrapped
557f6e830000-557f6e831000 rw-p 00002000 00:131f 4611686019099417844      /nix/store/gpxl5qgg8kicmcvivwmybwjlpf7wh20l-graalvm17-ce-22.3.0/bin/.java-wrapped
557f6e831000-557f6e832000 rw-p 00004000 00:131f 4611686019099417844      /nix/store/gpxl5qgg8kicmcvivwmybwjlpf7wh20l-graalvm17-ce-22.3.0/bin/.java-wrapped
557f6e832000-557f6e833000 rw-p 00005000 00:131f 4611686019099417844      /nix/store/gpxl5qgg8kicmcvivwmybwjlpf7wh20l-graalvm17-ce-22.3.0/bin/.java-wrapped
557f6f988000-557f6f9d0000 rw-p 00000000 00:00 0                          [heap]
7f91fc000000-7f91fc1ce000 rw-p 00000000 00:00 0 
7f91fc1ce000-7f9200000000 ---p 00000000 00:00 0 
7f9204000000-7f9204021000 rw-p 00000000 00:00 0 
7f9204021000-7f9208000000 ---p 00000000 00:00 0 
7f9208000000-7f920810e000 rw-p 00000000 00:00 0 
7f920810e000-7f920c000000 ---p 00000000 00:00 0 
7f920c000000-7f920c021000 rw-p 00000000 00:00 0 
7f920c021000-7f9210000000 ---p 00000000 00:00 0 
7f9210000000-7f9210021000 rw-p 00000000 00:00 0 
7f9210021000-7f9214000000 ---p 00000000 00:00 0 
7f9214000000-7f9214021000 rw-p 00000000 00:00 0 
7f9214021000-7f9218000000 ---p 00000000 00:00 0 
7f9219800000-7f9219de0000 rw-p 00000000 00:00 0 
7f9219de0000-7f9219df0000 rw-p 00000000 00:00 0 
7f9219df0000-7f9219e00000 ---p 00000000 00:00 0 
7f9219e00000-7f9219e10000 rw-p 00000000 00:00 0 
7f9219e10000-7f921a000000 ---p 00000000 00:00 0 
7f921a4b3000-7f9224000000 r--s 00000000 00:131f 4611686019135192581      /nix/store/gpxl5qgg8kicmcvivwmybwjlpf7wh20l-graalvm17-ce-22.3.0/lib/modules
7f9224000000-7f9224021000 rw-p 00000000 00:00 0 
7f9224021000-7f9228000000 ---p 00000000 00:00 0 
7f9228000000-7f9228021000 rw-p 00000000 00:00 0 
7f9228021000-7f922c000000 ---p 00000000 00:00 0 
7f922c000000-7f922c223000 rw-p 00000000 00:00 0 
7f922c223000-7f9230000000 ---p 00000000 00:00 0 
7f9230000000-7f92304da000 rw-p 00000000 00:00 0 
7f92304da000-7f9234000000 ---p 00000000 00:00 0 
7f9234000000-7f9234021000 rw-p 00000000 00:00 0 
7f9234021000-7f9238000000 ---p 00000000 00:00 0 
7f9238000000-7f9238021000 rw-p 00000000 00:00 0 
7f9238021000-7f923c000000 ---p 00000000 00:00 0 
7f923c000000-7f923c14d000 rw-p 00000000 00:00 0 
7f923c14d000-7f9240000000 ---p 00000000 00:00 0 
7f9240000000-7f9240072000 rw-p 00000000 00:00 0 
7f9240072000-7f9244000000 ---p 00000000 00:00 0 
7f9244000000-7f9244056000 rw-p 00000000 00:00 0 
7f9244056000-7f9248000000 ---p 00000000 00:00 0 
7f9248000000-7f924833c000 rw-p 00000000 00:00 0 
7f924833c000-7f924c000000 ---p 00000000 00:00 0 
7f924c000000-7f924c029000 rw-p 00000000 00:00 0 
7f924c029000-7f9250000000 ---p 00000000 00:00 0 
7f9250000000-7f9250021000 rw-p 00000000 00:00 0 
7f9250021000-7f9254000000 ---p 00000000 00:00 0 
7f9254000000-7f9254021000 rw-p 00000000 00:00 0 
7f9254021000-7f9258000000 ---p 00000000 00:00 0 
7f9259000000-7f9259800000 rw-p 00000000 00:00 0 
7f9259c00000-7f925a000000 rw-p 00000000 00:00 0 
7f925a000000-7f925a200000 rw-p 00000000 00:00 0 
7f925a200000-7f925a400000 rw-p 00000000 00:00 0 
7f925a400000-7f925a4e0000 rw-p 00000000 00:00 0 
7f925a4e0000-7f925a500000 rw-p 00000000 00:00 0 
7f925a500000-7f925a6c0000 rw-p 00000000 00:00 0 
7f925a6c0000-7f925a700000 rw-p 00000000 00:00 0 
7f925a700000-7f925a900000 rw-p 00000000 00:00 0 
7f925a900000-7f925aa00000 rw-p 00000000 00:00 0 
7f925aa00000-7f925ac00000 rw-p 00000000 00:00 0 
7f925ac00000-7f925ad00000 rw-p 00000000 00:00 0 
7f925ad00000-7f925b400000 rw-p 00000000 00:00 0 
7f925b400000-7f925b500000 rw-p 00000000 00:00 0 
7f925b500000-7f925b600000 rw-p 00000000 00:00 0 
7f925b600000-7f925b980000 rw-p 00000000 00:00 0 
7f925b980000-7f925ba00000 rw-p 00000000 00:00 0 
7f925ba00000-7f925bba0000 rw-p 00000000 00:00 0 
7f925bba0000-7f925bbc0000 rw-p 00000000 00:00 0 
7f925bbc0000-7f925bc00000 rw-p 00000000 00:00 0 
7f925bc00000-7f925bc10000 r-xp 00000000 00:1319 353                      /home/runner/.cache/jdt-language-server/config/org.eclipse.equinox.launcher/org.eclipse.equinox.launcher.gtk.linux.x86_64_1.2.400.v20211117-0650/eclipse_11600.so
7f925bc10000-7f925be0f000 ---p 00010000 00:1319 353                      /home/runner/.cache/jdt-language-server/config/org.eclipse.equinox.launcher/org.eclipse.equinox.launcher.gtk.linux.x86_64_1.2.400.v20211117-0650/eclipse_11600.so
7f925be0f000-7f925be10000 r--p 0000f000 00:1319 353                      /home/runner/.cache/jdt-language-server/config/org.eclipse.equinox.launcher/org.eclipse.equinox.launcher.gtk.linux.x86_64_1.2.400.v20211117-0650/eclipse_11600.so
7f925be10000-7f925be11000 rw-p 00010000 00:1319 353                      /home/runner/.cache/jdt-language-server/config/org.eclipse.equinox.launcher/org.eclipse.equinox.launcher.gtk.linux.x86_64_1.2.400.v20211117-0650/eclipse_11600.so
7f925c000000-7f925c90b000 rw-p 00000000 00:00 0 
7f925c90b000-7f9260000000 ---p 00000000 00:00 0 
7f9260000000-7f9260039000 rw-p 00000000 00:00 0 
7f9260039000-7f9264000000 ---p 00000000 00:00 0 
7f9264000000-7f9264021000 rw-p 00000000 00:00 0 
7f9264021000-7f9268000000 ---p 00000000 00:00 0 
7f9268000000-7f9268021000 rw-p 00000000 00:00 0 
7f9268021000-7f926c000000 ---p 00000000 00:00 0 
7f926c000000-7f926c021000 rw-p 00000000 00:00 0 
7f926c021000-7f9270000000 ---p 00000000 00:00 0 
7f9271500000-7f9271600000 ---p 00000000 00:00 0 
7f9271600000-7f9271baf000 r--p 01122000 00:131f 4611686019135190040      /nix/store/gpxl5qgg8kicmcvivwmybwjlpf7wh20l-graalvm17-ce-22.3.0/lib/libjvmcicompiler.so
7f9271baf000-7f9271d00000 r--p 00000000 00:00 0 
7f9271d00000-7f9271d3d000 rw-p 00000000 00:00 0 
7f9271d3d000-7f927225d000 rw-p 0185f000 00:131f 4611686019135190040      /nix/store/gpxl5qgg8kicmcvivwmybwjlpf7wh20l-graalvm17-ce-22.3.0/lib/libjvmcicompiler.so
7f927225d000-7f9272644000 r--p 01d7f000 00:131f 4611686019135190040      /nix/store/gpxl5qgg8kicmcvivwmybwjlpf7wh20l-graalvm17-ce-22.3.0/lib/libjvmcicompiler.so
7f9272700000-7f9272704000 ---p 00000000 00:00 0 
7f9272704000-7f9272800000 rw-p 00000000 00:00 0 
7f9272900000-7f9272904000 ---p 00000000 00:00 0 
7f9272904000-7f9272a00000 rw-p 00000000 00:00 0 
7f9272b00000-7f9272b04000 ---p 00000000 00:00 0 
7f9272b04000-7f9272c00000 rw-p 00000000 00:00 0 
7f9272d00000-7f9272d04000 ---p 00000000 00:00 0 
7f9272d04000-7f9272e00000 rw-p 00000000 00:00 0 
7f9273a68000-7f9273f00000 rw-p 00000000 00:00 0 
7f9274000000-7f9274021000 rw-p 00000000 00:00 0 
7f9274021000-7f9278000000 ---p 00000000 00:00 0 
7f9278000000-7f9278021000 rw-p 00000000 00:00 0 
7f9278021000-7f927c000000 ---p 00000000 00:00 0 
7f927c000000-7f927c029000 rw-p 00000000 00:00 0 
7f927c029000-7f9280000000 ---p 00000000 00:00 0 
7f9280000000-7f9280021000 rw-p 00000000 00:00 0 
7f9280021000-7f9284000000 ---p 00000000 00:00 0 
7f9284000000-7f92840d2000 rw-p 00000000 00:00 0 
7f92840d2000-7f9288000000 ---p 00000000 00:00 0 
7f9288000000-7f9288b5d000 rw-p 00000000 00:00 0 
7f9288b5d000-7f928c000000 ---p 00000000 00:00 0 
7f928c000000-7f928c021000 rw-p 00000000 00:00 0 
7f928c021000-7f9290000000 ---p 00000000 00:00 0 
7f9290000000-7f9290021000 rw-p 00000000 00:00 0 
7f9290021000-7f9294000000 ---p 00000000 00:00 0 
7f9294000000-7f9294021000 rw-p 00000000 00:00 0 
7f9294021000-7f9298000000 ---p 00000000 00:00 0 
7f9298000000-7f9298021000 rw-p 00000000 00:00 0 
7f9298021000-7f929c000000 ---p 00000000 00:00 0 
7f929c000000-7f929c021000 rw-p 00000000 00:00 0 
7f929c021000-7f92a0000000 ---p 00000000 00:00 0 
7f92a0000000-7f92a0021000 rw-p 00000000 00:00 0 
7f92a0021000-7f92a4000000 ---p 00000000 00:00 0 
7f92a4000000-7f92a406d000 rw-p 00000000 00:00 0 
7f92a406d000-7f92a8000000 ---p 00000000 00:00 0 
7f92a8100000-7f92a8104000 ---p 00000000 00:00 0 
7f92a8104000-7f92a8200000 rw-p 00000000 00:00 0 
7f92a8300000-7f92a8304000 ---p 00000000 00:00 0 
7f92a8304000-7f92a8400000 rw-p 00000000 00:00 0 
7f92a8400000-7f92a8404000 ---p 00000000 00:00 0 
7f92a8404000-7f92a8500000 rw-p 00000000 00:00 0 
7f92a8500000-7f92a8504000 ---p 00000000 00:00 0 
7f92a8504000-7f92a8600000 rw-p 00000000 00:00 0 
7f92a8600000-7f92a8604000 ---p 00000000 00:00 0 
7f92a8604000-7f92a8700000 rw-p 00000000 00:00 0 
7f92a8700000-7f92a8704000 ---p 00000000 00:00 0 
7f92a8704000-7f92a8800000 rw-p 00000000 00:00 0 
7f92a8900000-7f92a8904000 ---p 00000000 00:00 0 
7f92a8904000-7f92a8a00000 rw-p 00000000 00:00 0 
7f92a8a00000-7f92a8a04000 ---p 00000000 00:00 0 
7f92a8a04000-7f92a8b00000 rw-p 00000000 00:00 0 
7f92a8b00000-7f92a8b04000 ---p 00000000 00:00 0 
7f92a8b04000-7f92a8c00000 rw-p 00000000 00:00 0 
7f92a8c00000-7f92a8c04000 ---p 00000000 00:00 0 
7f92a8c04000-7f92a8d00000 rw-p 00000000 00:00 0 
7f92a8d00000-7f92a8d04000 ---p 00000000 00:00 0 
7f92a8d04000-7f92a8e00000 rw-p 00000000 00:00 0 
7f92a8e00000-7f92a8e04000 ---p 00000000 00:00 0 
7f92a8e04000-7f92a8f00000 rw-p 00000000 00:00 0 
7f92a8f00000-7f92a8f04000 ---p 00000000 00:00 0 
7f92a8f04000-7f92a9000000 rw-p 00000000 00:00 0 
7f92a9000000-7f92ab16a000 r-xp 00000000 00:131f 4611686019135190040      /nix/store/gpxl5qgg8kicmcvivwmybwjlpf7wh20l-graalvm17-ce-22.3.0/lib/libjvmcicompiler.so
7f92ab16a000-7f92ab369000 ---p 0216a000 00:131f 4611686019135190040      /nix/store/gpxl5qgg8kicmcvivwmybwjlpf7wh20l-graalvm17-ce-22.3.0/lib/libjvmcicompiler.so
7f92ab369000-7f92ab36a000 r--p 02169000 00:131f 4611686019135190040      /nix/store/gpxl5qgg8kicmcvivwmybwjlpf7wh20l-graalvm17-ce-22.3.0/lib/libjvmcicompiler.so
7f92ab36a000-7f92ab36c000 rw-p 0216a000 00:131f 4611686019135190040      /nix/store/gpxl5qgg8kicmcvivwmybwjlpf7wh20l-graalvm17-ce-22.3.0/lib/libjvmcicompiler.so
7f92ab36c000-7f92ab36d000 rw-p 00000000 00:00 0 
7f92ab36d000-7f92ab372000 rw-p 023c3000 00:131f 4611686019135190040      /nix/store/gpxl5qgg8kicmcvivwmybwjlpf7wh20l-graalvm17-ce-22.3.0/lib/libjvmcicompiler.so
7f92ab3b3000-7f92ab3b7000 ---p 00000000 00:00 0 
7f92ab3b7000-7f92ab4b3000 rw-p 00000000 00:00 0 
7f92ab4b3000-7f92ab723000 rwxp 00000000 00:00 0 
7f92ab723000-7f92aba42000 ---p 00000000 00:00 0 
7f92aba42000-7f92aca52000 rwxp 00000000 00:00 0 
7f92aca52000-7f92b2f7a000 ---p 00000000 00:00 0 
7f92b2f7a000-7f92b31fa000 rwxp 00000000 00:00 0 
7f92b31fa000-7f92ba4b3000 ---p 00000000 00:00 0 
7f92ba4b3000-7f92c4000000 r--s 00000000 00:131f 4611686019135192581      /nix/store/gpxl5qgg8kicmcvivwmybwjlpf7wh20l-graalvm17-ce-22.3.0/lib/modules
7f92c4000000-7f92c4613000 rw-p 00000000 00:00 0 
7f92c4613000-7f92c8000000 ---p 00000000 00:00 0 
7f92c8000000-7f92c8004000 ---p 00000000 00:00 0 
7f92c8004000-7f92c8100000 rw-p 00000000 00:00 0 
7f92c8200000-7f92c8204000 ---p 00000000 00:00 0 
7f92c8204000-7f92c8300000 rw-p 00000000 00:00 0 
7f92c8400000-7f92c8404000 ---p 00000000 00:00 0 
7f92c8404000-7f92c8500000 rw-p 00000000 00:00 0 
7f92c8600000-7f92c8604000 ---p 00000000 00:00 0 
7f92c8604000-7f92c8700000 rw-p 00000000 00:00 0 
7f92c8718000-7f92c871c000 ---p 00000000 00:00 0 
7f92c871c000-7f92c8818000 rw-p 00000000 00:00 0 
7f92c8818000-7f92c8819000 ---p 00000000 00:00 0 
7f92c8819000-7f92c891a000 rw-p 00000000 00:00 0 
7f92c891a000-7f92c891e000 ---p 00000000 00:00 0 
7f92c891e000-7f92c8a1a000 rw-p 00000000 00:00 0 
7f92c8a1a000-7f92c8a1e000 ---p 00000000 00:00 0 
7f92c8a1e000-7f92c8b1a000 rw-p 00000000 00:00 0 
7f92c8b1a000-7f92c8b1e000 ---p 00000000 00:00 0 
7f92c8b1e000-7f92c8c1a000 rw-p 00000000 00:00 0 
7f92c8c1a000-7f92c8c1e000 ---p 00000000 00:00 0 
7f92c8c1e000-7f92c8e1a000 rw-p 00000000 00:00 0 
7f92c8e1a000-7f92c8e1e000 ---p 00000000 00:00 0 
7f92c8e1e000-7f92c901a000 rw-p 00000000 00:00 0 
7f92c901a000-7f92c901e000 ---p 00000000 00:00 0 
7f92c901e000-7f92c911a000 rw-p 00000000 00:00 0 
7f92c911a000-7f92c911e000 ---p 00000000 00:00 0 
7f92c911e000-7f92c921a000 rw-p 00000000 00:00 0 
7f92c921a000-7f92c921e000 ---p 00000000 00:00 0 
7f92c921e000-7f92c931a000 rw-p 00000000 00:00 0 
7f92c931a000-7f92c9600000 r--p 00000000 00:12f9 28444448                 /usr/lib/locale/locale-archive
7f92c9600000-7f92c9604000 ---p 00000000 00:00 0 
7f92c9604000-7f92c9700000 rw-p 00000000 00:00 0 
7f92c9700000-7f92c9704000 ---p 00000000 00:00 0 
7f92c9704000-7f92c9c00000 rw-p 00000000 00:00 0 
7f92c9c00000-7f92c9f00000 rw-p 00000000 00:00 0 
7f92c9f00000-7f92ca000000 rw-p 00000000 00:00 0 
7f92ca010000-7f92ca012000 r-xp 00000000 00:131f 4611686019135190017      /nix/store/gpxl5qgg8kicmcvivwmybwjlpf7wh20l-graalvm17-ce-22.3.0/lib/libextnet.so
7f92ca012000-7f92ca013000 r--p 00001000 00:131f 4611686019135190017      /nix/store/gpxl5qgg8kicmcvivwmybwjlpf7wh20l-graalvm17-ce-22.3.0/lib/libextnet.so
7f92ca013000-7f92ca014000 rw-p 00002000 00:131f 4611686019135190017      /nix/store/gpxl5qgg8kicmcvivwmybwjlpf7wh20l-graalvm17-ce-22.3.0/lib/libextnet.so
7f92ca014000-7f92ca015000 rw-p 00004000 00:131f 4611686019135190017      /nix/store/gpxl5qgg8kicmcvivwmybwjlpf7wh20l-graalvm17-ce-22.3.0/lib/libextnet.so
7f92ca015000-7f92ca019000 ---p 00000000 00:00 0 
7f92ca019000-7f92ca037000 rw-p 00000000 00:00 0 
7f92ca037000-7f92ca03e000 r-xp 00000000 00:131f 4611686019135192580      /nix/store/gpxl5qgg8kicmcvivwmybwjlpf7wh20l-graalvm17-ce-22.3.0/lib/libzip.so
7f92ca03e000-7f92ca03f000 ---p 00007000 00:131f 4611686019135192580      /nix/store/gpxl5qgg8kicmcvivwmybwjlpf7wh20l-graalvm17-ce-22.3.0/lib/libzip.so
7f92ca03f000-7f92ca040000 r--p 00007000 00:131f 4611686019135192580      /nix/store/gpxl5qgg8kicmcvivwmybwjlpf7wh20l-graalvm17-ce-22.3.0/lib/libzip.so
7f92ca040000-7f92ca041000 rw-p 00008000 00:131f 4611686019135192580      /nix/store/gpxl5qgg8kicmcvivwmybwjlpf7wh20l-graalvm17-ce-22.3.0/lib/libzip.so
7f92ca041000-7f92ca043000 rw-p 0000b000 00:131f 4611686019135192580      /nix/store/gpxl5qgg8kicmcvivwmybwjlpf7wh20l-graalvm17-ce-22.3.0/lib/libzip.so
7f92ca043000-7f92ca058000 r-xp 00000000 00:131f 4611686019135192570      /nix/store/gpxl5qgg8kicmcvivwmybwjlpf7wh20l-graalvm17-ce-22.3.0/lib/libnet.so
7f92ca058000-7f92ca059000 ---p 00015000 00:131f 4611686019135192570      /nix/store/gpxl5qgg8kicmcvivwmybwjlpf7wh20l-graalvm17-ce-22.3.0/lib/libnet.so
7f92ca059000-7f92ca05a000 r--p 00015000 00:131f 4611686019135192570      /nix/store/gpxl5qgg8kicmcvivwmybwjlpf7wh20l-graalvm17-ce-22.3.0/lib/libnet.so
7f92ca05a000-7f92ca05b000 rw-p 00016000 00:131f 4611686019135192570      /nix/store/gpxl5qgg8kicmcvivwmybwjlpf7wh20l-graalvm17-ce-22.3.0/lib/libnet.so
7f92ca05b000-7f92ca05e000 rw-p 0001b000 00:131f 4611686019135192570      /nix/store/gpxl5qgg8kicmcvivwmybwjlpf7wh20l-graalvm17-ce-22.3.0/lib/libnet.so
7f92ca05e000-7f92ca071000 r-xp 00000000 00:131f 4611686019135192571      /nix/store/gpxl5qgg8kicmcvivwmybwjlpf7wh20l-graalvm17-ce-22.3.0/lib/libnio.so
7f92ca071000-7f92ca072000 r--p 00012000 00:131f 4611686019135192571      /nix/store/gpxl5qgg8kicmcvivwmybwjlpf7wh20l-graalvm17-ce-22.3.0/lib/libnio.so
7f92ca072000-7f92ca073000 rw-p 00013000 00:131f 4611686019135192571      /nix/store/gpxl5qgg8kicmcvivwmybwjlpf7wh20l-graalvm17-ce-22.3.0/lib/libnio.so
7f92ca073000-7f92ca078000 rw-p 00019000 00:131f 4611686019135192571      /nix/store/gpxl5qgg8kicmcvivwmybwjlpf7wh20l-graalvm17-ce-22.3.0/lib/libnio.so
7f92ca078000-7f92ca079000 ---p 00000000 00:00 0 
7f92ca079000-7f92ca17a000 rw-p 00000000 00:00 0 
7f92ca17a000-7f92ca248000 r-xp 00000000 00:131f 4611686019135190036      /nix/store/gpxl5qgg8kicmcvivwmybwjlpf7wh20l-graalvm17-ce-22.3.0/lib/libjsvml.so
7f92ca248000-7f92ca249000 r--p 000cd000 00:131f 4611686019135190036      /nix/store/gpxl5qgg8kicmcvivwmybwjlpf7wh20l-graalvm17-ce-22.3.0/lib/libjsvml.so
7f92ca249000-7f92ca24a000 rw-p 000ce000 00:131f 4611686019135190036      /nix/store/gpxl5qgg8kicmcvivwmybwjlpf7wh20l-graalvm17-ce-22.3.0/lib/libjsvml.so
7f92ca24a000-7f92cbb22000 rw-p 00000000 00:00 0 
7f92cbb22000-7f92cbb23000 ---p 00000000 00:00 0 
7f92cbb23000-7f92cbcce000 rw-p 00000000 00:00 0 
7f92cbcce000-7f92cbcf2000 rw-p 00000000 00:00 0 
7f92cbcf2000-7f92cbd24000 ---p 00000000 00:00 0 
7f92cbd24000-7f92cbd2a000 rw-p 00000000 00:00 0 
7f92cbd2a000-7f92cbe10000 ---p 00000000 00:00 0 
7f92cbe10000-7f92cbe31000 rw-p 00000000 00:00 0 
7f92cbe31000-7f92cbefb000 ---p 00000000 00:00 0 
7f92cbefb000-7f92cbf00000 rw-p 00000000 00:00 0 
7f92cbf00000-7f92cbf07000 ---p 00000000 00:00 0 
7f92cbf07000-7f92cbf2b000 r-xp 00000000 00:131f 4611686019135190028      /nix/store/gpxl5qgg8kicmcvivwmybwjlpf7wh20l-graalvm17-ce-22.3.0/lib/libjava.so
7f92cbf2b000-7f92cbf2c000 ---p 00024000 00:131f 4611686019135190028      /nix/store/gpxl5qgg8kicmcvivwmybwjlpf7wh20l-graalvm17-ce-22.3.0/lib/libjava.so
7f92cbf2c000-7f92cbf2d000 r--p 00024000 00:131f 4611686019135190028      /nix/store/gpxl5qgg8kicmcvivwmybwjlpf7wh20l-graalvm17-ce-22.3.0/lib/libjava.so
7f92cbf2d000-7f92cbf2e000 rw-p 00025000 00:131f 4611686019135190028      /nix/store/gpxl5qgg8kicmcvivwmybwjlpf7wh20l-graalvm17-ce-22.3.0/lib/libjava.so
7f92cbf2e000-7f92cbf2f000 rw-p 00000000 00:00 0 
7f92cbf2f000-7f92cbf36000 rw-p 0002f000 00:131f 4611686019135190028      /nix/store/gpxl5qgg8kicmcvivwmybwjlpf7wh20l-graalvm17-ce-22.3.0/lib/libjava.so
7f92cbf36000-7f92cbf3e000 rw-s 00000000 00:26c 350                       /tmp/hsperfdata_runner/31
7f92cbf3e000-7f92cbf3f000 ---p 00000000 00:00 0 
7f92cbf3f000-7f92cbf40000 r--p 00000000 00:00 0 
7f92cbf40000-7f92cbf41000 rwxp 00000000 00:00 0 
7f92cbf41000-7f92cbf5c000 r-xp 00000000 00:131f 4611686019135190032      /nix/store/gpxl5qgg8kicmcvivwmybwjlpf7wh20l-graalvm17-ce-22.3.0/lib/libjimage.so
7f92cbf5c000-7f92cbf5d000 ---p 0001b000 00:131f 4611686019135190032      /nix/store/gpxl5qgg8kicmcvivwmybwjlpf7wh20l-graalvm17-ce-22.3.0/lib/libjimage.so
7f92cbf5d000-7f92cbf5f000 r--p 0001b000 00:131f 4611686019135190032      /nix/store/gpxl5qgg8kicmcvivwmybwjlpf7wh20l-graalvm17-ce-22.3.0/lib/libjimage.so
7f92cbf5f000-7f92cbf60000 rw-p 0001d000 00:131f 4611686019135190032      /nix/store/gpxl5qgg8kicmcvivwmybwjlpf7wh20l-graalvm17-ce-22.3.0/lib/libjimage.so
7f92cbf60000-7f92cbf61000 rw-p 00024000 00:131f 4611686019135190032      /nix/store/gpxl5qgg8kicmcvivwmybwjlpf7wh20l-graalvm17-ce-22.3.0/lib/libjimage.so
7f92cbf61000-7f92cbf65000 ---p 00000000 00:00 0 
7f92cbf65000-7f92cc061000 rw-p 00000000 00:00 0 
7f92cc061000-7f92cc06f000 r--p 00000000 00:131f 4611686019027979927      /nix/store/4nlgxhb09sdr51nc9hdm8az5b08vzkgx-glibc-2.35-163/lib/libm.so.6
7f92cc06f000-7f92cc0e2000 r-xp 0000e000 00:131f 4611686019027979927      /nix/store/4nlgxhb09sdr51nc9hdm8az5b08vzkgx-glibc-2.35-163/lib/libm.so.6
7f92cc0e2000-7f92cc13f000 r--p 00081000 00:131f 4611686019027979927      /nix/store/4nlgxhb09sdr51nc9hdm8az5b08vzkgx-glibc-2.35-163/lib/libm.so.6
7f92cc13f000-7f92cc140000 r--p 000dd000 00:131f 4611686019027979927      /nix/store/4nlgxhb09sdr51nc9hdm8az5b08vzkgx-glibc-2.35-163/lib/libm.so.6
7f92cc140000-7f92cc141000 rw-p 000de000 00:131f 4611686019027979927      /nix/store/4nlgxhb09sdr51nc9hdm8az5b08vzkgx-glibc-2.35-163/lib/libm.so.6
7f92cc141000-7f92cc142000 r--p 00000000 00:131f 4611686019027979946      /nix/store/4nlgxhb09sdr51nc9hdm8az5b08vzkgx-glibc-2.35-163/lib/librt.so.1
7f92cc142000-7f92cc143000 r-xp 00001000 00:131f 4611686019027979946      /nix/store/4nlgxhb09sdr51nc9hdm8az5b08vzkgx-glibc-2.35-163/lib/librt.so.1
7f92cc143000-7f92cc144000 r--p 00002000 00:131f 4611686019027979946      /nix/store/4nlgxhb09sdr51nc9hdm8az5b08vzkgx-glibc-2.35-163/lib/librt.so.1
7f92cc144000-7f92cc145000 r--p 00002000 00:131f 4611686019027979946      /nix/store/4nlgxhb09sdr51nc9hdm8az5b08vzkgx-glibc-2.35-163/lib/librt.so.1
7f92cc145000-7f92cc146000 rw-p 00003000 00:131f 4611686019027979946      /nix/store/4nlgxhb09sdr51nc9hdm8az5b08vzkgx-glibc-2.35-163/lib/librt.so.1
7f92cc146000-7f92cd259000 r-xp 00000000 00:131f 4611686019135360866      /nix/store/gpxl5qgg8kicmcvivwmybwjlpf7wh20l-graalvm17-ce-22.3.0/lib/server/libjvm.so
7f92cd259000-7f92cd25a000 ---p 01113000 00:131f 4611686019135360866      /nix/store/gpxl5qgg8kicmcvivwmybwjlpf7wh20l-graalvm17-ce-22.3.0/lib/server/libjvm.so
7f92cd25a000-7f92cd30f000 r--p 01113000 00:131f 4611686019135360866      /nix/store/gpxl5qgg8kicmcvivwmybwjlpf7wh20l-graalvm17-ce-22.3.0/lib/server/libjvm.so
7f92cd30f000-7f92cd343000 rw-p 011c8000 00:131f 4611686019135360866      /nix/store/gpxl5qgg8kicmcvivwmybwjlpf7wh20l-graalvm17-ce-22.3.0/lib/server/libjvm.so
7f92cd343000-7f92cd39f000 rw-p 00000000 00:00 0 
7f92cd39f000-7f92cd3c7000 r--p 00000000 00:131f 4611686019027979918      /nix/store/4nlgxhb09sdr51nc9hdm8az5b08vzkgx-glibc-2.35-163/lib/libc.so.6
7f92cd3c7000-7f92cd53d000 r-xp 00028000 00:131f 4611686019027979918      /nix/store/4nlgxhb09sdr51nc9hdm8az5b08vzkgx-glibc-2.35-163/lib/libc.so.6
7f92cd53d000-7f92cd595000 r--p 0019e000 00:131f 4611686019027979918      /nix/store/4nlgxhb09sdr51nc9hdm8az5b08vzkgx-glibc-2.35-163/lib/libc.so.6
7f92cd595000-7f92cd599000 r--p 001f6000 00:131f 4611686019027979918      /nix/store/4nlgxhb09sdr51nc9hdm8az5b08vzkgx-glibc-2.35-163/lib/libc.so.6
7f92cd599000-7f92cd59b000 rw-p 001fa000 00:131f 4611686019027979918      /nix/store/4nlgxhb09sdr51nc9hdm8az5b08vzkgx-glibc-2.35-163/lib/libc.so.6
7f92cd59b000-7f92cd5aa000 rw-p 00000000 00:00 0 
7f92cd5aa000-7f92cd5ab000 r--p 00000000 00:131f 4611686019027979923      /nix/store/4nlgxhb09sdr51nc9hdm8az5b08vzkgx-glibc-2.35-163/lib/libdl.so.2
7f92cd5ab000-7f92cd5ac000 r-xp 00001000 00:131f 4611686019027979923      /nix/store/4nlgxhb09sdr51nc9hdm8az5b08vzkgx-glibc-2.35-163/lib/libdl.so.2
7f92cd5ac000-7f92cd5ad000 r--p 00002000 00:131f 4611686019027979923      /nix/store/4nlgxhb09sdr51nc9hdm8az5b08vzkgx-glibc-2.35-163/lib/libdl.so.2
7f92cd5ad000-7f92cd5ae000 r--p 00002000 00:131f 4611686019027979923      /nix/store/4nlgxhb09sdr51nc9hdm8az5b08vzkgx-glibc-2.35-163/lib/libdl.so.2
7f92cd5ae000-7f92cd5af000 rw-p 00003000 00:131f 4611686019027979923      /nix/store/4nlgxhb09sdr51nc9hdm8az5b08vzkgx-glibc-2.35-163/lib/libdl.so.2
7f92cd5af000-7f92cd5b0000 r--p 00000000 00:131f 4611686019027979942      /nix/store/4nlgxhb09sdr51nc9hdm8az5b08vzkgx-glibc-2.35-163/lib/libpthread.so.0
7f92cd5b0000-7f92cd5b1000 r-xp 00001000 00:131f 4611686019027979942      /nix/store/4nlgxhb09sdr51nc9hdm8az5b08vzkgx-glibc-2.35-163/lib/libpthread.so.0
7f92cd5b1000-7f92cd5b2000 r--p 00002000 00:131f 4611686019027979942      /nix/store/4nlgxhb09sdr51nc9hdm8az5b08vzkgx-glibc-2.35-163/lib/libpthread.so.0
7f92cd5b2000-7f92cd5b3000 r--p 00002000 00:131f 4611686019027979942      /nix/store/4nlgxhb09sdr51nc9hdm8az5b08vzkgx-glibc-2.35-163/lib/libpthread.so.0
7f92cd5b3000-7f92cd5b4000 rw-p 00003000 00:131f 4611686019027979942      /nix/store/4nlgxhb09sdr51nc9hdm8az5b08vzkgx-glibc-2.35-163/lib/libpthread.so.0
7f92cd5b4000-7f92cd5c2000 r-xp 00000000 00:131f 4611686019135190033      /nix/store/gpxl5qgg8kicmcvivwmybwjlpf7wh20l-graalvm17-ce-22.3.0/lib/libjli.so
7f92cd5c2000-7f92cd5c3000 ---p 0000e000 00:131f 4611686019135190033      /nix/store/gpxl5qgg8kicmcvivwmybwjlpf7wh20l-graalvm17-ce-22.3.0/lib/libjli.so
7f92cd5c3000-7f92cd5c4000 r--p 0000e000 00:131f 4611686019135190033      /nix/store/gpxl5qgg8kicmcvivwmybwjlpf7wh20l-graalvm17-ce-22.3.0/lib/libjli.so
7f92cd5c4000-7f92cd5c5000 rw-p 0000f000 00:131f 4611686019135190033      /nix/store/gpxl5qgg8kicmcvivwmybwjlpf7wh20l-graalvm17-ce-22.3.0/lib/libjli.so
7f92cd5c5000-7f92cd5c6000 rw-p 00012000 00:131f 4611686019135190033      /nix/store/gpxl5qgg8kicmcvivwmybwjlpf7wh20l-graalvm17-ce-22.3.0/lib/libjli.so
7f92cd5c6000-7f92cd5c9000 r--p 00000000 00:131f 4611686019106210071      /nix/store/026hln0aq1hyshaxsdvhg0kmcm6yf45r-zlib-1.2.13/lib/libz.so.1.2.13
7f92cd5c9000-7f92cd5db000 r-xp 00003000 00:131f 4611686019106210071      /nix/store/026hln0aq1hyshaxsdvhg0kmcm6yf45r-zlib-1.2.13/lib/libz.so.1.2.13
7f92cd5db000-7f92cd5e2000 r--p 00015000 00:131f 4611686019106210071      /nix/store/026hln0aq1hyshaxsdvhg0kmcm6yf45r-zlib-1.2.13/lib/libz.so.1.2.13
7f92cd5e2000-7f92cd5e3000 r--p 0001b000 00:131f 4611686019106210071      /nix/store/026hln0aq1hyshaxsdvhg0kmcm6yf45r-zlib-1.2.13/lib/libz.so.1.2.13
7f92cd5e3000-7f92cd5e4000 rw-p 0001c000 00:131f 4611686019106210071      /nix/store/026hln0aq1hyshaxsdvhg0kmcm6yf45r-zlib-1.2.13/lib/libz.so.1.2.13
7f92cd5e4000-7f92cd5e6000 rw-p 00000000 00:00 0 
7f92cd5e6000-7f92cd5e8000 r--p 00000000 00:131f 4611686019027979912      /nix/store/4nlgxhb09sdr51nc9hdm8az5b08vzkgx-glibc-2.35-163/lib/ld-linux-x86-64.so.2
7f92cd5e8000-7f92cd60f000 r-xp 00002000 00:131f 4611686019027979912      /nix/store/4nlgxhb09sdr51nc9hdm8az5b08vzkgx-glibc-2.35-163/lib/ld-linux-x86-64.so.2
7f92cd60f000-7f92cd61b000 r--p 00029000 00:131f 4611686019027979912      /nix/store/4nlgxhb09sdr51nc9hdm8az5b08vzkgx-glibc-2.35-163/lib/ld-linux-x86-64.so.2
7f92cd61b000-7f92cd61d000 r--p 00034000 00:131f 4611686019027979912      /nix/store/4nlgxhb09sdr51nc9hdm8az5b08vzkgx-glibc-2.35-163/lib/ld-linux-x86-64.so.2
7f92cd61d000-7f92cd61f000 rw-p 00036000 00:131f 4611686019027979912      /nix/store/4nlgxhb09sdr51nc9hdm8az5b08vzkgx-glibc-2.35-163/lib/ld-linux-x86-64.so.2
7ffe9c878000-7ffe9c89c000 rw-p 00000000 00:00 0                          [stack]
7ffe9c913000-7ffe9c917000 r--p 00000000 00:00 0                          [vvar]
7ffe9c917000-7ffe9c919000 r-xp 00000000 00:00 0                          [vdso]
ffffffffff600000-ffffffffff601000 --xp 00000000 00:00 0                  [vsyscall]


VM Arguments:
jvm_args: -XX:ThreadPriorityPolicy=1 -XX:+UnlockExperimentalVMOptions -XX:+EnableJVMCIProduct -XX:JVMCIThreadsPerNativeLibraryRuntime=1 -XX:-UnlockExperimentalVMOptions -Declipse.application=org.eclipse.jdt.ls.core.id1 -Dosgi.bundles.defaultStartLevel=4 -Declipse.product=org.eclipse.jdt.ls.core.product -Dlog.level=ALL -Xverify:none -XX:+UseParallelGC -XX:GCTimeRatio=4 -XX:AdaptiveSizePolicyWeight=90 -Dsun.zip.disableMemoryMapping=true -Xmx512m -Xms100m 
java_command: /nix/store/m6gcpi1ii6rghy04cjwjddcavv7i90df-jdt-language-server-1.9.0/share/java/plugins/org.eclipse.equinox.launcher_1.6.400.v20210924-0641.jar --add-modules=ALL-SYSTEM --add-opens java.base/java.util=ALL-UNNAMED --add-opens java.base/java.lang=ALL-UNNAMED -configuration /home/runner/.cache/jdt-language-server/config -data /home/runner/.cache/jdt-language-server/data/home/runner/Picture-Project-Filter-Transfer
java_class_path (initial): /nix/store/m6gcpi1ii6rghy04cjwjddcavv7i90df-jdt-language-server-1.9.0/share/java/plugins/org.eclipse.equinox.launcher_1.6.400.v20210924-0641.jar
Launcher Type: SUN_STANDARD

[Global flags]
    uintx AdaptiveSizePolicyWeight                 = 90                                        {product} {command line}
     intx CICompilerCount                          = 2                                         {product} {ergonomic}
     bool EnableJVMCIProduct                       = true                                {JVMCI product} {jimage}
    uintx GCTimeRatio                              = 4                                         {product} {command line}
   size_t InitialHeapSize                          = 104857600                                 {product} {command line}
     uint JVMCIThreadsPerNativeLibraryRuntime      = 1                                   {JVMCI product} {jimage}
   size_t MaxHeapSize                              = 536870912                                 {product} {command line}
   size_t MaxNewSize                               = 178782208                                 {product} {ergonomic}
   size_t MinHeapDeltaBytes                        = 524288                                    {product} {ergonomic}
   size_t MinHeapSize                              = 104857600                                 {product} {command line}
   size_t NewSize                                  = 34603008                                  {product} {ergonomic}
    uintx NonNMethodCodeHeapSize                   = 5826188                                {pd product} {ergonomic}
    uintx NonProfiledCodeHeapSize                  = 122916026                              {pd product} {ergonomic}
   size_t OldSize                                  = 70254592                                  {product} {ergonomic}
    uintx ProfiledCodeHeapSize                     = 122916026                              {pd product} {ergonomic}
    uintx ReservedCodeCacheSize                    = 251658240                              {pd product} {ergonomic}
     bool SegmentedCodeCache                       = true                                      {product} {ergonomic}
   size_t SoftMaxHeapSize                          = 536870912                              {manageable} {ergonomic}
     intx ThreadPriorityPolicy                     = 1                                         {product} {jimage}
     bool UseCompressedClassPointers               = true                           {product lp64_product} {ergonomic}
     bool UseCompressedOops                        = true                           {product lp64_product} {ergonomic}
     bool UseParallelGC                            = true                                      {product} {command line}

Logging:
Log output configuration:
 #0: stdout all=warning uptime,level,tags
 #1: stderr all=off uptime,level,tags

Environment Variables:
JAVA_HOME=/nix/store/gpxl5qgg8kicmcvivwmybwjlpf7wh20l-graalvm17-ce-22.3.0
PATH=/nix/store/1d6ian3r8kdzspw8hacjhl3xkp40g1lj-binutils-wrapper-2.39/bin:/nix/store/dq0xwmsk1g0i2ayg6pb7y87na2knzylh-gcc-wrapper-11.3.0/bin:/nix/store/bap4d0lpcrhpwmpb8ayjcgkmvfj62lnq-bash-interactive-5.1-p16/bin:/nix/store/pr5n59mb4jzmfx6kanwxly0l07p861fg-patchelf-0.15.0/bin:/nix/store/1gf2flfqnpqbr1b4p4qz2f72y42bs56r-gcc-11.3.0/bin:/nix/store/57xv61c5zi8pphjbcwxxjlgc34p61ic9-glibc-2.35-163-bin/bin:/nix/store/a7gvj343m05j2s32xcnwr35v31ynlypr-coreutils-9.1/bin:/nix/store/039g378vc3pc3dvi9dzdlrd0i4q93qwf-binutils-2.39/bin:/nix/store/gpxl5qgg8kicmcvivwmybwjlpf7wh20l-graalvm17-ce-22.3.0/bin:/nix/store/6z9ag3ihc8mq2hzsw48lhbznvzny65nz-apache-maven-3.8.6/bin:/nix/store/m6gcpi1ii6rghy04cjwjddcavv7i90df-jdt-language-server-1.9.0/bin:/nix/store/84xs5alhs01zrbr4ywm05kxbjbp5590l-java-debug/bin:/nix/store/mydc6f4k2z73xlcz7ilif3v2lcaiqvza-findutils-4.9.0/bin:/nix/store/j9p3g8472iijd50vhdprx0nmk2fqn5gv-diffutils-3.8/bin:/nix/store/89zs7rms6x00xfq4dq6m7mjnhkr8a6r4-gnused-4.8/bin:/nix/store/86bp03jkmsl6f92w0yzg4s59g5mhxwmy-gnugrep-3.7/bin:/nix/store/hwcdqw4jrjnd37wxqgsd47hd0j8bnj09-gawk-5.1.1/bin:/nix/store/cfbhw8r8ags41vwqaz47r583d0p4h4a1-gnutar-1.34/bin:/nix/store/p3m1ndl1lapwrlh698bnb5lvvxh67378-gzip-1.12/bin:/nix/store/a8mhcagrsly7c7mpjrpsnaahk4aax056-bzip2-1.0.8-bin/bin:/nix/store/mblgz65m3zv9x548a3d5m96fj2pbwr09-gnumake-4.3/bin:/nix/store/dsd5gz46hdbdk2rfdimqddhq6m8m8fqs-bash-5.1-p16/bin:/nix/store/v7ljksji50mg3w61dykaa3n3y79n6nil-patch-2.7.6/bin:/nix/store/zlcnmqq14jz5x9439jf937mvayyl63da-xz-5.2.7-bin/bin:/nix/store/y6aj732zm9m87c82fpvf103a1xb22blp-file-5.43/bin:/nix/store/sgqd0ajghcv2axfl1lad0b1alyavp0dc-prybar-elisp-0.0.0-67f7a00/bin:/nix/store/p3hsvljpgs68jqwar41lc0jqhjj734lf-prybar-lua-0.0.0-67f7a00/bin:/nix/store/qzxs2gybds3s9kb1vkaflpgm2nwr85fh-prybar-python3-0.0.0-67f7a00/bin:/nix/store/km94z9mxp8w4m8gxxp5mbfpdf3nkfvd8-prybar-sqlite-0.0.0-67f7a00/bin:/nix/store/2pnc7b76asw0z59c4l6h6qy8arwqrii1-prybar-tcl-0.0.0-67f7a00/bin:/nix/store/hpbvrlwd5viqmvcaisb3x0118i913a9n-st
LD_LIBRARY_PATH=/nix/store/a4pff549sk2idnkpzk5nsfps3mdkdnvm-cups-2.4.2-lib/lib:/nix/store/72mqxxhh3cy5yifh92wh2yb8cl2hikyy-cairo-1.16.0/lib:/nix/store/2k366jrbsra97gjfxwvrhvixjfxdach5-glib-2.74.1/lib:/nix/store/2j2znigd8ak37rlwh9khz0ry3clqlw1l-gtk+3-3.24.34/lib:/nix/store/hisqvx32cd57apbpcsnkpx6k3549wql1-libglvnd-1.4.0/lib:/nix/store/p36pgcv991mq5srvg765b78yqpxvk3qs-mesa-21.3.3-drivers/lib:/nix/store/mav4251if1ahjq5vkpwycyyvnmy459c4-pulseaudio-14.2/lib
DISPLAY=:0
LANG=en_US.UTF-8

Signal Handlers:
   SIGSEGV: crash_handler in libjvm.so, mask=11100100010111111101111111111110, flags=SA_RESTART|SA_SIGINFO
    SIGBUS: crash_handler in libjvm.so, mask=11100100010111111101111111111110, flags=SA_RESTART|SA_SIGINFO
    SIGFPE: crash_handler in libjvm.so, mask=11100100010111111101111111111110, flags=SA_RESTART|SA_SIGINFO
   SIGPIPE: IsolateEnterStub_IgnoreSIGPIPEStartupHook_noopSignalHandler_8f19bff2f35b5f630d83b364d6b2339320d4ec70_216e8361c6bc87a8f89f58cc10d3b2fd4415bf87 in libjvmcicompiler.so, mask=00000000000000000000000000000000, flags=SA_RESTART
  *** Handler was modified!
  *** Expected: javaSignalHandler in libjvm.so, mask=11100100110111111111111111111110, flags=SA_RESTART|SA_SIGINFO
   SIGXFSZ: javaSignalHandler in libjvm.so, mask=11100100010111111101111111111110, flags=SA_RESTART|SA_SIGINFO
    SIGILL: crash_handler in libjvm.so, mask=11100100010111111101111111111110, flags=SA_RESTART|SA_SIGINFO
   SIGUSR2: SR_handler in libjvm.so, mask=00000000000000000000000000000000, flags=SA_RESTART|SA_SIGINFO
    SIGHUP: UserHandler in libjvm.so, mask=11100100010111111101111111111110, flags=SA_RESTART|SA_SIGINFO
    SIGINT: UserHandler in libjvm.so, mask=11100100010111111101111111111110, flags=SA_RESTART|SA_SIGINFO
   SIGTERM: UserHandler in libjvm.so, mask=11100100010111111101111111111110, flags=SA_RESTART|SA_SIGINFO
   SIGQUIT: UserHandler in libjvm.so, mask=11100100010111111101111111111110, flags=SA_RESTART|SA_SIGINFO
  *** Handler was modified!
  *** Expected: javaSignalHandler in libjvm.so, mask=11100100110111111111111111111110, flags=SA_RESTART|SA_SIGINFO
   SIGTRAP: crash_handler in libjvm.so, mask=11100100010111111101111111111110, flags=SA_RESTART|SA_SIGINFO


---------------  S Y S T E M  ---------------

OS:
DISTRIB_ID=Ubuntu
DISTRIB_RELEASE=20.04
DISTRIB_CODENAME=focal
DISTRIB_DESCRIPTION="Ubuntu 20.04.2 LTS"
uname: Linux 5.15.0-1030-gcp #37~20.04.1-Ubuntu SMP Mon Feb 20 04:30:57 UTC 2023 x86_64
OS uptime: 0 days 5:10 hours
libc: glibc 2.35 NPTL 2.35 
rlimit (soft/hard): STACK 8192k/infinity , CORE infinity/infinity , NPROC infinity/infinity , NOFILE 5242/5242 , AS infinity/infinity , CPU infinity/infinity , DATA infinity/infinity , FSIZE infinity/infinity , MEMLOCK 64k/64k
load average: 19.35 15.45 13.33

/proc/meminfo:
MemTotal:       65852728 kB
MemFree:        31268968 kB
MemAvailable:   47096960 kB
Buffers:         1917508 kB
Cached:         13202120 kB
SwapCached:            0 kB
Active:          6972500 kB
Inactive:       23516232 kB
Active(anon):      12828 kB
Inactive(anon): 15215976 kB
Active(file):    6959672 kB
Inactive(file):  8300256 kB
Unevictable:       43004 kB
Mlocked:           43004 kB
SwapTotal:             0 kB
SwapFree:              0 kB
Dirty:             58692 kB
Writeback:             0 kB
AnonPages:      14222676 kB
Mapped:          1649432 kB
Shmem:             36672 kB
KReclaimable:    1294664 kB
Slab:            3133980 kB
SReclaimable:    1294664 kB
SUnreclaim:      1839316 kB
KernelStack:      380612 kB
PageTables:       135496 kB
NFS_Unstable:          0 kB
Bounce:                0 kB
WritebackTmp:          0 kB
CommitLimit:    32926364 kB
Committed_AS:   49780516 kB
VmallocTotal:   34359738367 kB
VmallocUsed:      425612 kB
VmallocChunk:          0 kB
Percpu:            90080 kB
HardwareCorrupted:     0 kB
AnonHugePages:   1089536 kB
ShmemHugePages:        0 kB
ShmemPmdMapped:        0 kB
FileHugePages:         0 kB
FilePmdMapped:         0 kB
HugePages_Total:       0
HugePages_Free:        0
HugePages_Rsvd:        0
HugePages_Surp:        0
Hugepagesize:       2048 kB
Hugetlb:               0 kB
DirectMap4k:     3744576 kB
DirectMap2M:    36098048 kB
DirectMap1G:    29360128 kB

/sys/kernel/mm/transparent_hugepage/enabled: always [madvise] never
/sys/kernel/mm/transparent_hugepage/defrag (defrag/compaction efforts parameter): always defer defer+madvise [madvise] never

Process Memory:
Virtual Size: 4854872K (peak: 4942652K)
Resident Set Size: 768648K (peak: 804656K) (anon: 573296K, file: 195352K, shmem: 0K)
Swapped out: 0K
C-Heap outstanding allocations: 43903K, retained: 15340K
glibc malloc tunables: (default)

/proc/sys/kernel/threads-max (system-wide limit on the number of threads): 514406
/proc/sys/vm/max_map_count (maximum number of memory map areas a process may have): 65530
/proc/sys/kernel/pid_max (system-wide limit on number of process identifiers): 4194304

container (cgroup) information:
container_type: cgroupv1
cpu_cpuset_cpus: 2-7
cpu_memory_nodes: 0
active_processor_count: 1
cpu_quota: 50000
cpu_period: 100000
cpu_shares: 512
memory_limit_in_bytes: 1048576 k
memory_and_swap_limit_in_bytes: 1048576 k
memory_soft_limit_in_bytes: 524288 k
memory_usage_in_bytes: 618908 k
memory_max_usage_in_bytes: 647276 k
maximum number of tasks: 1000
current number of tasks: 49

KVM virtualization detected
Steal ticks since vm start: 0
Steal ticks percentage since vm start:  0.000

CPU: total 8 (initial active 1) (8 cores per cpu, 2 threads per core) family 23 model 49 stepping 0 microcode 0xffffffff, cx8, cmov, fxsr, ht, mmx, 3dnowpref, sse, sse2, sse3, ssse3, sse4a, sse4.1, sse4.2, popcnt, lzcnt, tsc, tscinvbit, avx, avx2, aes, clmul, bmi1, bmi2, adx, sha, fma, vzeroupper, clflush, clflushopt, hv
CPU Model and flags from /proc/cpuinfo:
model name	: AMD EPYC 7B12
flags		: fpu vme de pse tsc msr pae mce cx8 apic sep mtrr pge mca cmov pat pse36 clflush mmx fxsr sse sse2 ht syscall nx mmxext fxsr_opt pdpe1gb rdtscp lm constant_tsc rep_good nopl nonstop_tsc cpuid extd_apicid tsc_known_freq pni pclmulqdq ssse3 fma cx16 sse4_1 sse4_2 movbe popcnt aes xsave avx f16c rdrand hypervisor lahf_lm cmp_legacy cr8_legacy abm sse4a misalignsse 3dnowprefetch osvw topoext ssbd ibrs ibpb stibp vmmcall fsgsbase tsc_adjust bmi1 avx2 smep bmi2 rdseed adx smap clflushopt clwb sha_ni xsaveopt xsavec xgetbv1 clzero xsaveerptr arat npt nrip_save umip rdpid

Online cpus: 0-7
Offline cpus: 
BIOS frequency limitation: <Not Available>
Frequency switch latency (ns): <Not Available>
Available cpu frequencies: <Not Available>
Current governor: <Not Available>
Core performance/turbo boost: <Not Available>

Memory: 4k page, physical 1048576k(429492k free), swap 0k(0k free)
Page Sizes: 4k

vm_info: OpenJDK 64-Bit Server VM (17.0.5+8-jvmci-22.3-b08) for linux-amd64 JRE (17.0.5+8-jvmci-22.3-b08), built on Oct 19 2022 09:01:27 by "buildslave" with gcc 10.3.0

END.
